Thu Jul 18 14:08:31 2024: Running xcd server. This server was built by gradle.
Thu Jul 18 14:08:31 2024: Server was asked to start on port: '35491'
Thu Jul 18 14:08:31 2024: Server is using token UUID: 'e2908c17-42fd-43b9-800f-d5557d89aec2'
Thu Jul 18 14:08:31 2024: SESSION_MGR: creating session with session uuid: '6d04a3e9-ade5-4ab9-8d63-1f78fcd2ec76' and name 'default'
Thu Jul 18 14:08:31 2024: Attempting to start server on port '35491'
Thu Jul 18 14:08:31 2024: XCD main fifo: created main fifo '/tmp/xcdmaine2908c17-42fd-43b9-800f-d5557d89aec2', fd read = 13
Thu Jul 18 14:08:31 2024: Running Dispatch Server
Thu Jul 18 14:08:31 2024: Version 2.2.0
Thu Jul 18 14:08:33 2024: Dispatch Server: Accepted socket connection from client
Thu Jul 18 14:08:33 2024: Starting Socket connection
Thu Jul 18 14:08:33 2024: EXCHANGE_TOKEN received, server token: e2908c17-42fd-43b9-800f-d5557d89aec2, passed token: e2908c17-42fd-43b9-800f-d5557d89aec2
Thu Jul 18 14:08:33 2024: DISPATCH_HANDLER: Adding handler from function makeHandler in library libxv_system_diagram
Thu Jul 18 14:08:33 2024: SESSION_MGR: creating session with session uuid: '7c61b1a5-b856-4844-bce5-651511906f94' and name 'v++_compile_sol2_work'
Thu Jul 18 14:08:33 2024: KERNEL_SVC: creating session with uuid: '7c61b1a5-b856-4844-bce5-651511906f94' and name 'v++_compile_sol2_work'
Thu Jul 18 14:08:33 2024: GUIDANCE_SMGR: creating guidance session with uuid: '7c61b1a5-b856-4844-bce5-651511906f94' and name 'v++_compile_sol2_work'
Thu Jul 18 14:08:33 2024: SYSTEM_DIAGRAM: creating session with uuid: '7c61b1a5-b856-4844-bce5-651511906f94' and name 'v++_compile_sol2_work'
Thu Jul 18 14:08:37 2024: Dispatch Server: Accepted socket connection from client
Thu Jul 18 14:08:37 2024: Starting Socket connection
Thu Jul 18 14:08:45 2024: SESSION_MGR: closing session for UUID '7c61b1a5-b856-4844-bce5-651511906f94' with name 'v++_compile_sol2_work'
Thu Jul 18 14:08:45 2024: KERNEL_SVC: closing session for UUID '7c61b1a5-b856-4844-bce5-651511906f94' with name 'v++_compile_sol2_work'
Thu Jul 18 14:08:45 2024: GUIDANCE_SMGR: closing session for UUID '7c61b1a5-b856-4844-bce5-651511906f94' with name 'v++_compile_sol2_work'
Thu Jul 18 14:08:45 2024: SYSTEM_DIAGRAM: closing session for UUID '7c61b1a5-b856-4844-bce5-651511906f94' with name 'v++_compile_sol2_work'
Thu Jul 18 14:08:45 2024: STOP_SERVER received, server token: e2908c17-42fd-43b9-800f-d5557d89aec2, passed token: e2908c17-42fd-43b9-800f-d5557d89aec2
Thu Jul 18 14:08:45 2024: Socket received request to stop server.
Thu Jul 18 14:08:45 2024: Dispatch Server: do_await_stop
Thu Jul 18 14:08:45 2024: Dispatch Server: stopping mainFifo_
Thu Jul 18 14:08:45 2024: XCD main fifo: Stopping
Thu Jul 18 14:08:45 2024: XCD main fifo: do_read error code: Operation canceled
Thu Jul 18 14:08:45 2024: XCD main fifo: bytes_transferred: 0
Thu Jul 18 14:08:45 2024: SERVER: destructor for server bound to port 35491
Thu Jul 18 14:08:45 2024: XCD main fifo: Good unlink of /tmp/xcdmaine2908c17-42fd-43b9-800f-d5557d89aec2
Thu Jul 18 14:08:45 2024: Server exiting with status 0.
Thu Jul 18 14:08:45 2024: Closing log file.
Mon Jul 29 15:19:16 2024: Running xcd server. This server was built by gradle.
Mon Jul 29 15:19:16 2024: Server was asked to start on port: '42905'
Mon Jul 29 15:19:16 2024: Server is using token UUID: 'c1dd24fd-892f-4914-9bd4-b46ede691298'
Mon Jul 29 15:19:16 2024: SESSION_MGR: creating session with session uuid: '6d04a3e9-ade5-4ab9-8d63-1f78fcd2ec76' and name 'default'
Mon Jul 29 15:19:16 2024: Attempting to start server on port '42905'
Mon Jul 29 15:19:16 2024: XCD main fifo: created main fifo '/tmp/xcdmainc1dd24fd-892f-4914-9bd4-b46ede691298', fd read = 13
Mon Jul 29 15:19:16 2024: Running Dispatch Server
Mon Jul 29 15:19:16 2024: Version 2.2.0
Mon Jul 29 15:19:17 2024: Dispatch Server: Accepted socket connection from client
Mon Jul 29 15:19:17 2024: Starting Socket connection
Mon Jul 29 15:19:17 2024: EXCHANGE_TOKEN received, server token: c1dd24fd-892f-4914-9bd4-b46ede691298, passed token: c1dd24fd-892f-4914-9bd4-b46ede691298
Mon Jul 29 15:19:17 2024: DISPATCH_HANDLER: Adding handler from function makeHandler in library libxv_system_diagram
Mon Jul 29 15:19:17 2024: SESSION_MGR: creating session with session uuid: '4f67312a-5091-4599-a70b-df4e8c4b2a62' and name 'vitis-run_compile_sol2_work'
Mon Jul 29 15:19:17 2024: KERNEL_SVC: creating session with uuid: '4f67312a-5091-4599-a70b-df4e8c4b2a62' and name 'vitis-run_compile_sol2_work'
Mon Jul 29 15:19:17 2024: GUIDANCE_SMGR: creating guidance session with uuid: '4f67312a-5091-4599-a70b-df4e8c4b2a62' and name 'vitis-run_compile_sol2_work'
Mon Jul 29 15:19:17 2024: SYSTEM_DIAGRAM: creating session with uuid: '4f67312a-5091-4599-a70b-df4e8c4b2a62' and name 'vitis-run_compile_sol2_work'
Mon Jul 29 15:19:21 2024: Dispatch Server: Accepted socket connection from client
Mon Jul 29 15:19:21 2024: Starting Socket connection
Mon Jul 29 15:19:25 2024: SESSION_MGR: closing session for UUID '4f67312a-5091-4599-a70b-df4e8c4b2a62' with name 'vitis-run_compile_sol2_work'
Mon Jul 29 15:19:25 2024: KERNEL_SVC: closing session for UUID '4f67312a-5091-4599-a70b-df4e8c4b2a62' with name 'vitis-run_compile_sol2_work'
Mon Jul 29 15:19:25 2024: GUIDANCE_SMGR: closing session for UUID '4f67312a-5091-4599-a70b-df4e8c4b2a62' with name 'vitis-run_compile_sol2_work'
Mon Jul 29 15:19:25 2024: SYSTEM_DIAGRAM: closing session for UUID '4f67312a-5091-4599-a70b-df4e8c4b2a62' with name 'vitis-run_compile_sol2_work'
Mon Jul 29 15:19:25 2024: STOP_SERVER received, server token: c1dd24fd-892f-4914-9bd4-b46ede691298, passed token: c1dd24fd-892f-4914-9bd4-b46ede691298
Mon Jul 29 15:19:25 2024: Socket received request to stop server.
Mon Jul 29 15:19:25 2024: Dispatch Server: do_await_stop
Mon Jul 29 15:19:25 2024: Dispatch Server: stopping mainFifo_
Mon Jul 29 15:19:25 2024: XCD main fifo: Stopping
Mon Jul 29 15:19:25 2024: XCD main fifo: do_read error code: Operation canceled
Mon Jul 29 15:19:25 2024: XCD main fifo: bytes_transferred: 0
Mon Jul 29 15:19:25 2024: SERVER: destructor for server bound to port 42905
Mon Jul 29 15:19:25 2024: XCD main fifo: Good unlink of /tmp/xcdmainc1dd24fd-892f-4914-9bd4-b46ede691298
Mon Jul 29 15:19:25 2024: Server exiting with status 0.
Mon Jul 29 15:19:25 2024: Closing log file.
Mon Jul 29 15:19:45 2024: Running xcd server. This server was built by gradle.
Mon Jul 29 15:19:45 2024: Server was asked to start on port: '34697'
Mon Jul 29 15:19:45 2024: Server is using token UUID: '29a66676-1b76-49d7-add4-4369610c4080'
Mon Jul 29 15:19:45 2024: SESSION_MGR: creating session with session uuid: '6d04a3e9-ade5-4ab9-8d63-1f78fcd2ec76' and name 'default'
Mon Jul 29 15:19:45 2024: Attempting to start server on port '34697'
Mon Jul 29 15:19:45 2024: XCD main fifo: created main fifo '/tmp/xcdmain29a66676-1b76-49d7-add4-4369610c4080', fd read = 13
Mon Jul 29 15:19:45 2024: Running Dispatch Server
Mon Jul 29 15:19:45 2024: Version 2.2.0
Mon Jul 29 15:19:47 2024: Dispatch Server: Accepted socket connection from client
Mon Jul 29 15:19:47 2024: Starting Socket connection
Mon Jul 29 15:19:47 2024: EXCHANGE_TOKEN received, server token: 29a66676-1b76-49d7-add4-4369610c4080, passed token: 29a66676-1b76-49d7-add4-4369610c4080
Mon Jul 29 15:19:47 2024: DISPATCH_HANDLER: Adding handler from function makeHandler in library libxv_system_diagram
Mon Jul 29 15:19:47 2024: SESSION_MGR: creating session with session uuid: 'da2e936b-ab6e-4d58-b640-0569b4fbaeb5' and name 'v++_compile_sol2_work'
Mon Jul 29 15:19:47 2024: KERNEL_SVC: creating session with uuid: 'da2e936b-ab6e-4d58-b640-0569b4fbaeb5' and name 'v++_compile_sol2_work'
Mon Jul 29 15:19:47 2024: GUIDANCE_SMGR: creating guidance session with uuid: 'da2e936b-ab6e-4d58-b640-0569b4fbaeb5' and name 'v++_compile_sol2_work'
Mon Jul 29 15:19:47 2024: SYSTEM_DIAGRAM: creating session with uuid: 'da2e936b-ab6e-4d58-b640-0569b4fbaeb5' and name 'v++_compile_sol2_work'
Mon Jul 29 15:19:50 2024: Dispatch Server: Accepted socket connection from client
Mon Jul 29 15:19:50 2024: Starting Socket connection
Mon Jul 29 15:19:59 2024: SESSION_MGR: closing session for UUID 'da2e936b-ab6e-4d58-b640-0569b4fbaeb5' with name 'v++_compile_sol2_work'
Mon Jul 29 15:19:59 2024: KERNEL_SVC: closing session for UUID 'da2e936b-ab6e-4d58-b640-0569b4fbaeb5' with name 'v++_compile_sol2_work'
Mon Jul 29 15:19:59 2024: GUIDANCE_SMGR: closing session for UUID 'da2e936b-ab6e-4d58-b640-0569b4fbaeb5' with name 'v++_compile_sol2_work'
Mon Jul 29 15:19:59 2024: SYSTEM_DIAGRAM: closing session for UUID 'da2e936b-ab6e-4d58-b640-0569b4fbaeb5' with name 'v++_compile_sol2_work'
Mon Jul 29 15:19:59 2024: STOP_SERVER received, server token: 29a66676-1b76-49d7-add4-4369610c4080, passed token: 29a66676-1b76-49d7-add4-4369610c4080
Mon Jul 29 15:19:59 2024: Socket received request to stop server.
Mon Jul 29 15:19:59 2024: Dispatch Server: do_await_stop
Mon Jul 29 15:19:59 2024: Dispatch Server: stopping mainFifo_
Mon Jul 29 15:19:59 2024: XCD main fifo: Stopping
Mon Jul 29 15:19:59 2024: XCD main fifo: do_read error code: Operation canceled
Mon Jul 29 15:19:59 2024: XCD main fifo: bytes_transferred: 0
Mon Jul 29 15:19:59 2024: SERVER: destructor for server bound to port 34697
Mon Jul 29 15:19:59 2024: XCD main fifo: Good unlink of /tmp/xcdmain29a66676-1b76-49d7-add4-4369610c4080
Mon Jul 29 15:19:59 2024: Server exiting with status 0.
Mon Jul 29 15:19:59 2024: Closing log file.
Thu Aug  1 15:43:54 2024: Running xcd server. This server was built by gradle.
Thu Aug  1 15:43:54 2024: Server was asked to start on port: '44447'
Thu Aug  1 15:43:54 2024: Server is using token UUID: '95b1e107-d0a5-489d-a803-e29245150de5'
Thu Aug  1 15:43:54 2024: SESSION_MGR: creating session with session uuid: '6d04a3e9-ade5-4ab9-8d63-1f78fcd2ec76' and name 'default'
Thu Aug  1 15:43:54 2024: Attempting to start server on port '44447'
Thu Aug  1 15:43:54 2024: XCD main fifo: created main fifo '/tmp/xcdmain95b1e107-d0a5-489d-a803-e29245150de5', fd read = 13
Thu Aug  1 15:43:54 2024: Running Dispatch Server
Thu Aug  1 15:43:54 2024: Version 2.2.0
Thu Aug  1 15:43:55 2024: Dispatch Server: Accepted socket connection from client
Thu Aug  1 15:43:55 2024: Starting Socket connection
Thu Aug  1 15:43:55 2024: EXCHANGE_TOKEN received, server token: 95b1e107-d0a5-489d-a803-e29245150de5, passed token: 95b1e107-d0a5-489d-a803-e29245150de5
Thu Aug  1 15:43:55 2024: DISPATCH_HANDLER: Adding handler from function makeHandler in library libxv_system_diagram
Thu Aug  1 15:43:55 2024: SESSION_MGR: creating session with session uuid: 'd70c135b-2745-4089-bf05-2320d5fc576e' and name 'v++_compile_sol2_work'
Thu Aug  1 15:43:55 2024: KERNEL_SVC: creating session with uuid: 'd70c135b-2745-4089-bf05-2320d5fc576e' and name 'v++_compile_sol2_work'
Thu Aug  1 15:43:55 2024: GUIDANCE_SMGR: creating guidance session with uuid: 'd70c135b-2745-4089-bf05-2320d5fc576e' and name 'v++_compile_sol2_work'
Thu Aug  1 15:43:55 2024: SYSTEM_DIAGRAM: creating session with uuid: 'd70c135b-2745-4089-bf05-2320d5fc576e' and name 'v++_compile_sol2_work'
Thu Aug  1 15:43:59 2024: Dispatch Server: Accepted socket connection from client
Thu Aug  1 15:43:59 2024: Starting Socket connection
Thu Aug  1 15:44:08 2024: SESSION_MGR: closing session for UUID 'd70c135b-2745-4089-bf05-2320d5fc576e' with name 'v++_compile_sol2_work'
Thu Aug  1 15:44:08 2024: KERNEL_SVC: closing session for UUID 'd70c135b-2745-4089-bf05-2320d5fc576e' with name 'v++_compile_sol2_work'
Thu Aug  1 15:44:08 2024: GUIDANCE_SMGR: closing session for UUID 'd70c135b-2745-4089-bf05-2320d5fc576e' with name 'v++_compile_sol2_work'
Thu Aug  1 15:44:08 2024: SYSTEM_DIAGRAM: closing session for UUID 'd70c135b-2745-4089-bf05-2320d5fc576e' with name 'v++_compile_sol2_work'
Thu Aug  1 15:44:08 2024: STOP_SERVER received, server token: 95b1e107-d0a5-489d-a803-e29245150de5, passed token: 95b1e107-d0a5-489d-a803-e29245150de5
Thu Aug  1 15:44:08 2024: Socket received request to stop server.
Thu Aug  1 15:44:08 2024: Dispatch Server: do_await_stop
Thu Aug  1 15:44:08 2024: Dispatch Server: stopping mainFifo_
Thu Aug  1 15:44:08 2024: XCD main fifo: Stopping
Thu Aug  1 15:44:08 2024: XCD main fifo: do_read error code: Operation canceled
Thu Aug  1 15:44:08 2024: XCD main fifo: bytes_transferred: 0
Thu Aug  1 15:44:08 2024: SERVER: destructor for server bound to port 44447
Thu Aug  1 15:44:08 2024: XCD main fifo: Good unlink of /tmp/xcdmain95b1e107-d0a5-489d-a803-e29245150de5
Thu Aug  1 15:44:08 2024: Server exiting with status 0.
Thu Aug  1 15:44:08 2024: Closing log file.
