INFO-FLOW: Workspace /home/Data/Design/hls/02_hls_seminar_demos_v24_1/demo01_ws/sol2/sol2_work/hls opened at Thu Aug 01 15:43:58 CEST 2024
Execute     send_msg_by_id INFO @200-1505@%s%s default  vivado 
INFO: [HLS 200-1505] Using default flow_target 'vivado'
Execute   apply_ini /home/Data/Design/hls/02_hls_seminar_demos_v24_1/demo01_ws/sol2/sol2_config.cfg 
Execute     send_msg_by_id INFO @200-1465@%s 'syn.file=../src/fir.c' from /home/Data/Design/hls/02_hls_seminar_demos_v24_1/demo01_ws/sol2/sol2_config.cfg(8) 
INFO: [HLS 200-1465] Applying ini 'syn.file=../src/fir.c' from /home/Data/Design/hls/02_hls_seminar_demos_v24_1/demo01_ws/sol2/sol2_config.cfg(8)
Execute     add_files /home/Data/Design/hls/02_hls_seminar_demos_v24_1/demo01_ws/src/fir.c 
INFO: [HLS 200-10] Adding design file '/home/Data/Design/hls/02_hls_seminar_demos_v24_1/demo01_ws/src/fir.c' to the project
Execute     send_msg_by_id INFO @200-1465@%s 'tb.file=../src/fir_test.c' from /home/Data/Design/hls/02_hls_seminar_demos_v24_1/demo01_ws/sol2/sol2_config.cfg(9) 
INFO: [HLS 200-1465] Applying ini 'tb.file=../src/fir_test.c' from /home/Data/Design/hls/02_hls_seminar_demos_v24_1/demo01_ws/sol2/sol2_config.cfg(9)
Execute     add_files -tb /home/Data/Design/hls/02_hls_seminar_demos_v24_1/demo01_ws/src/fir_test.c 
INFO: [HLS 200-10] Adding test bench file '/home/Data/Design/hls/02_hls_seminar_demos_v24_1/demo01_ws/src/fir_test.c' to the project
Execute     send_msg_by_id INFO @200-1465@%s 'tb.file=../src/out.gold.dat' from /home/Data/Design/hls/02_hls_seminar_demos_v24_1/demo01_ws/sol2/sol2_config.cfg(10) 
INFO: [HLS 200-1465] Applying ini 'tb.file=../src/out.gold.dat' from /home/Data/Design/hls/02_hls_seminar_demos_v24_1/demo01_ws/sol2/sol2_config.cfg(10)
Execute     add_files -tb /home/Data/Design/hls/02_hls_seminar_demos_v24_1/demo01_ws/src/out.gold.dat 
INFO: [HLS 200-10] Adding test bench file '/home/Data/Design/hls/02_hls_seminar_demos_v24_1/demo01_ws/src/out.gold.dat' to the project
Execute     send_msg_by_id INFO @200-1465@%s 'syn.top=fir' from /home/Data/Design/hls/02_hls_seminar_demos_v24_1/demo01_ws/sol2/sol2_config.cfg(7) 
INFO: [HLS 200-1465] Applying ini 'syn.top=fir' from /home/Data/Design/hls/02_hls_seminar_demos_v24_1/demo01_ws/sol2/sol2_config.cfg(7)
Execute     set_top fir 
Execute     send_msg_by_id INFO @200-1465@%s 'flow_target=vivado' from /home/Data/Design/hls/02_hls_seminar_demos_v24_1/demo01_ws/sol2/sol2_config.cfg(4) 
INFO: [HLS 200-1465] Applying ini 'flow_target=vivado' from /home/Data/Design/hls/02_hls_seminar_demos_v24_1/demo01_ws/sol2/sol2_config.cfg(4)
Execute     send_msg_by_id INFO @200-1505@%s%s  vivado 
INFO: [HLS 200-1505] Using flow_target 'vivado'
Execute     send_msg_by_id INFO @200-1465@%s 'part=xc7a35tcpg236-1' from /home/Data/Design/hls/02_hls_seminar_demos_v24_1/demo01_ws/sol2/sol2_config.cfg(1) 
INFO: [HLS 200-1465] Applying ini 'part=xc7a35tcpg236-1' from /home/Data/Design/hls/02_hls_seminar_demos_v24_1/demo01_ws/sol2/sol2_config.cfg(1)
Execute     set_part xc7a35tcpg236-1 
Execute       create_platform xc7a35tcpg236-1 -board  
DBG:HLSDevice: Trying to load device library: /opt/xilinx/Vitis_HLS/2024.1/lib/lnx64.o/libxv_hlsvwrap.so
DBG:HLSDevice: first parts/arch.xml in RDI_DATADIR: /opt/xilinx/Vivado/2024.1/data/parts/arch.xml
DBG:HLSDevice: init success
INFO: [HLS 200-1611] Setting target device to 'xc7a35t-cpg236-1'
Command       create_platform done; 0.82 sec.
Execute       source /opt/xilinx/Vitis_HLS/2024.1/common/technology/xilinx/common/xilinx.gen 
Execute         source /opt/xilinx/Vitis_HLS/2024.1/common/technology/xilinx/interface/plb46.gen 
Execute         source /opt/xilinx/Vitis_HLS/2024.1/common/technology/xilinx/interface/axi4.gen 
Execute         source /opt/xilinx/Vitis_HLS/2024.1/common/technology/xilinx/interface/nativeAXI4.gen 
Execute           source /opt/xilinx/Vitis_HLS/2024.1/common/technology/xilinx/interface/saxilite.gen 
Execute         source /opt/xilinx/Vitis_HLS/2024.1/common/technology/xilinx/scripts/xilinxcoregen.gen 
Execute         source /opt/xilinx/Vitis_HLS/2024.1/common/technology/xilinx/interface/XilEDKCoreGen.gen 
Execute         source /opt/xilinx/Vitis_HLS/2024.1/common/technology/xilinx/ip/xfft.gen 
Execute         source /opt/xilinx/Vitis_HLS/2024.1/common/technology/xilinx/ip/util.gen 
Execute         source /opt/xilinx/Vitis_HLS/2024.1/common/technology/xilinx/ip/xfir.gen 
Execute         source /opt/xilinx/Vitis_HLS/2024.1/common/technology/xilinx/ip/dds_compiler.gen 
Execute         source /opt/xilinx/Vitis_HLS/2024.1/common/technology/xilinx/DSP48/dsp48.gen 
Execute       ap_part_info -name xc7a35t-cpg236-1 -data info 
Execute       config_compile -quiet -complex-mul-dsp=0 
Command     set_part done; 0.92 sec.
Execute     send_msg_by_id INFO @200-1465@%s 'clock=10ns' from /home/Data/Design/hls/02_hls_seminar_demos_v24_1/demo01_ws/sol2/sol2_config.cfg(11) 
INFO: [HLS 200-1465] Applying ini 'clock=10ns' from /home/Data/Design/hls/02_hls_seminar_demos_v24_1/demo01_ws/sol2/sol2_config.cfg(11)
Execute     create_clock -period 10ns 
Execute       ap_set_clock -name default -period 10 -unit ns -default=false 
INFO: [SYN 201-201] Setting up clock 'default' with a period of 10ns.
Execute     send_msg_by_id INFO @200-1465@%s 'clock_uncertainty=10%' from /home/Data/Design/hls/02_hls_seminar_demos_v24_1/demo01_ws/sol2/sol2_config.cfg(12) 
INFO: [HLS 200-1465] Applying ini 'clock_uncertainty=10%' from /home/Data/Design/hls/02_hls_seminar_demos_v24_1/demo01_ws/sol2/sol2_config.cfg(12)
Execute     set_clock_uncertainty 10% 
Execute       ap_set_clock -name default -uncertainty 1 -unit % 
INFO: [SYN 201-201] Setting up clock 'default' with an uncertainty of 1ns.
Execute     send_msg_by_id INFO @200-1465@%s 'csim.code_analyzer=1' from /home/Data/Design/hls/02_hls_seminar_demos_v24_1/demo01_ws/sol2/sol2_config.cfg(13) 
INFO: [HLS 200-1465] Applying ini 'csim.code_analyzer=1' from /home/Data/Design/hls/02_hls_seminar_demos_v24_1/demo01_ws/sol2/sol2_config.cfg(13)
Execute     config_csim -code_analyzer=1 
Execute     send_msg_by_id INFO @200-1465@%s 'package.output.format=ip_catalog' from /home/Data/Design/hls/02_hls_seminar_demos_v24_1/demo01_ws/sol2/sol2_config.cfg(5) 
INFO: [HLS 200-1465] Applying ini 'package.output.format=ip_catalog' from /home/Data/Design/hls/02_hls_seminar_demos_v24_1/demo01_ws/sol2/sol2_config.cfg(5)
Execute     config_export -format=ip_catalog 
Execute     send_msg_by_id INFO @200-1465@%s 'syn.compile.enable_auto_rewind=0' from /home/Data/Design/hls/02_hls_seminar_demos_v24_1/demo01_ws/sol2/sol2_config.cfg(14) 
INFO: [HLS 200-1465] Applying ini 'syn.compile.enable_auto_rewind=0' from /home/Data/Design/hls/02_hls_seminar_demos_v24_1/demo01_ws/sol2/sol2_config.cfg(14)
Execute     config_compile -enable_auto_rewind=0 
Command   apply_ini done; 0.95 sec.
Execute   apply_ini /home/Data/Design/hls/02_hls_seminar_demos_v24_1/demo01_ws/sol2/sol2_work/hls/config.cmdline 
Execute   csynth_design 
Execute     AP::app_get_file_relativeroot [AP::app_get_root] {}
Execute     AP::app_get_file_relativeroot [AP::app_get_root] {}
Execute     AP::app_get_file_relativeroot [AP::app_get_root] {}
INFO-FLOW: Running SLX 'csynth' proc: ::SLX::run_csynth
Execute     elaborate -effort=medium -skip_syncheck=0 -keep_printf=0 -skip_cdt=0 -skip_transform=0 -ng=0 -g=0 -opt_fp=0 -from_csynth_design=1 
INFO: [HLS 200-111] Finished File checks and directory preparation: CPU user time: 2.6 seconds. CPU system time: 0.41 seconds. Elapsed time: 2.82 seconds; current allocated memory: 303.445 MB.
Execute       set_directive_top fir -name=fir 
Execute       source /opt/xilinx/Vitis_HLS/2024.1/tps/tcl/tcllib1.11.1/yaml/huddle.tcl 
Execute       source /opt/xilinx/Vitis_HLS/2024.1/tps/tcl/tcllib1.11.1/yaml/json2huddle.tcl 
INFO: [HLS 200-10] Analyzing design file '../src/fir.c' ... 
INFO-FLOW: Compiling one TU...
INFO-FLOW: Handling ../src/fir.c as C
Execute       ap_part_info -name xc7a35t-cpg236-1 -data info 
INFO-FLOW: Running: GCC PP 39
INFO-FLOW: Source preprocessing
INFO-FLOW: run_clang exec: /opt/xilinx/Vitis_HLS/2024.1/lnx64/tools/clang-3.9-csynth/bin/clang ../src/fir.c -foptimization-record-file=/home/Data/Design/hls/02_hls_seminar_demos_v24_1/demo01_ws/sol2/sol2_work/hls/.autopilot/db/fir.c.clang.diag.yml -mllvm -pass-remarks-missed=reflow|pasta|unroll -mllvm -pass-remarks=reflow|pasta|unroll|inline -fno-limit-debug-info -gcc-toolchain /opt/xilinx/Vitis_HLS/2024.1/tps/lnx64/gcc-8.3.0 -fhls -fno-exceptions -insert-hls-directive=/home/Data/Design/hls/02_hls_seminar_demos_v24_1/demo01_ws/sol2/sol2_work/hls/.autopilot/db/all.directive.json -E -fno-math-errno -c -emit-llvm -mllvm -disable-llvm-optzns -Werror=implicit-function-declaration -Werror=implicit-hls-streams -Werror=return-type -Wpragmas -Wunused-parameter -Wdump-hls-pragmas -Wno-error=dump-hls-pragmas -hls-clock-period=10 -std=gnu99 -fgnu89-inline -target fpga64-xilinx-linux-gnu -D__VITIS_HLS__ -DAESL_SYN -D__SYNTHESIS__ -D__HLS_SYN__ -I /opt/xilinx/Vitis_HLS/2024.1/common/technology/autopilot -I /opt/xilinx/Vitis_HLS/2024.1/common/technology/autopilot/ap_sysc -include etc/autopilot_ssdm_op.h -D__DSP48E1__ -I /usr/include/x86_64-linux-gnu -o /home/Data/Design/hls/02_hls_seminar_demos_v24_1/demo01_ws/sol2/sol2_work/hls/.autopilot/db/fir.pp.0.c -hls-platform-db-name=/opt/xilinx/Vitis_HLS/2024.1/common/technology/xilinx/common/platform.db -hls-platform-name=artix7_slow -device-resource-info=BRAM_100.000000_DSP_90.000000_FF_41600.000000_LUT_20800.000000_SLICE_8150.000000_URAM_0.000000 -device-name-info=xc7a35tcpg236-1 > /home/Data/Design/hls/02_hls_seminar_demos_v24_1/demo01_ws/sol2/sol2_work/hls/.autopilot/db/fir.c.clang.out.log 2> /home/Data/Design/hls/02_hls_seminar_demos_v24_1/demo01_ws/sol2/sol2_work/hls/.autopilot/db/fir.c.clang.err.log
INFO-FLOW: Done: GCC PP 39 time: 0.2 seconds per iteration
INFO-FLOW: Source syntax check for synthesis
INFO-FLOW: run_clang exec: /opt/xilinx/Vitis_HLS/2024.1/lnx64/tools/clang-3.9-csynth/bin/clang -foptimization-record-file=/home/Data/Design/hls/02_hls_seminar_demos_v24_1/demo01_ws/sol2/sol2_work/hls/.autopilot/db/clang.diag.yml -mllvm -pass-remarks-missed=reflow|pasta|unroll -mllvm -pass-remarks=reflow|pasta|unroll|inline -fsyntax-only -fhls -target fpga64-xilinx-linux-gnu /home/Data/Design/hls/02_hls_seminar_demos_v24_1/demo01_ws/sol2/sol2_work/hls/.autopilot/db/fir.pp.0.c -hls-platform-db-name=/opt/xilinx/Vitis_HLS/2024.1/common/technology/xilinx/common/platform.db -hls-platform-name=artix7_slow -device-resource-info=BRAM_100.000000_DSP_90.000000_FF_41600.000000_LUT_20800.000000_SLICE_8150.000000_URAM_0.000000 -device-name-info=xc7a35tcpg236-1 > /home/Data/Design/hls/02_hls_seminar_demos_v24_1/demo01_ws/sol2/sol2_work/hls/.autopilot/db/clang.out.log 2> /home/Data/Design/hls/02_hls_seminar_demos_v24_1/demo01_ws/sol2/sol2_work/hls/.autopilot/db/clang.err.log
Execute       clang_tidy xilinx-systemc-detector -desc systemc-detector /home/Data/Design/hls/02_hls_seminar_demos_v24_1/demo01_ws/sol2/sol2_work/hls/.autopilot/db/fir.pp.0.c std=gnu99 -target fpga  -directive=/home/Data/Design/hls/02_hls_seminar_demos_v24_1/demo01_ws/sol2/sol2_work/hls/.autopilot/db/.systemc_flag 
INFO-FLOW: exec /opt/xilinx/Vitis_HLS/2024.1/lnx64/tools/clang-3.9-csynth/bin/clang-tidy -header-filter=.* --checks=-*,xilinx-systemc-detector -import-directive=/home/Data/Design/hls/02_hls_seminar_demos_v24_1/demo01_ws/sol2/sol2_work/hls/.autopilot/db/.systemc_flag -fix-errors /home/Data/Design/hls/02_hls_seminar_demos_v24_1/demo01_ws/sol2/sol2_work/hls/.autopilot/db/fir.pp.0.c -- -std=gnu99 -target fpga -fhls -ferror-limit=0
INFO-FLOW: Running: clang-tidy CDT preprocess 39
Execute       clang_tidy xilinx-directive2pragma -desc directive2pragma /home/Data/Design/hls/02_hls_seminar_demos_v24_1/demo01_ws/sol2/sol2_work/hls/.autopilot/db/fir.pp.0.c std=gnu99 -target fpga  -directive=/home/Data/Design/hls/02_hls_seminar_demos_v24_1/demo01_ws/sol2/sol2_work/hls/.autopilot/db/all.directive.json 
INFO-FLOW: exec /opt/xilinx/Vitis_HLS/2024.1/lnx64/tools/clang-3.9-csynth/bin/clang-tidy -header-filter=.* --checks=-*,xilinx-directive2pragma -import-directive=/home/Data/Design/hls/02_hls_seminar_demos_v24_1/demo01_ws/sol2/sol2_work/hls/.autopilot/db/all.directive.json -fix-errors /home/Data/Design/hls/02_hls_seminar_demos_v24_1/demo01_ws/sol2/sol2_work/hls/.autopilot/db/fir.pp.0.c -- -std=gnu99 -target fpga -fhls -ferror-limit=0
INFO-FLOW: Done: clang-tidy CDT preprocess 39 time: 0 seconds per iteration
INFO-FLOW: Calling xilinx-label-all-loops ... 
INFO-FLOW: Calling xilinx-aggregate-on-hls-vector ... 
Execute       clang_tidy -errorcheck -desc loop-label xilinx-label-all-loops,xilinx-aggregate-on-hls-vector,,xilinx-warn-mayneed-no-ctor-attribute /home/Data/Design/hls/02_hls_seminar_demos_v24_1/demo01_ws/sol2/sol2_work/hls/.autopilot/db/fir.pp.0.c std=gnu99 -target fpga  
INFO-FLOW: run_clang exec: /opt/xilinx/Vitis_HLS/2024.1/lnx64/tools/clang-3.9-csynth/bin/clang-tidy -export-fixes=/home/Data/Design/hls/02_hls_seminar_demos_v24_1/demo01_ws/sol2/sol2_work/hls/.autopilot/db/fir.pp.0.c.clang-tidy.loop-label.diag.yml -header-filter=.* --checks=-*,xilinx-label-all-loops,xilinx-aggregate-on-hls-vector,,xilinx-warn-mayneed-no-ctor-attribute -fix-errors /home/Data/Design/hls/02_hls_seminar_demos_v24_1/demo01_ws/sol2/sol2_work/hls/.autopilot/db/fir.pp.0.c -- -std=gnu99 -target fpga -fhls -ferror-limit=0 > /home/Data/Design/hls/02_hls_seminar_demos_v24_1/demo01_ws/sol2/sol2_work/hls/.autopilot/db/fir.pp.0.c.clang-tidy.loop-label.out.log 2> /home/Data/Design/hls/02_hls_seminar_demos_v24_1/demo01_ws/sol2/sol2_work/hls/.autopilot/db/fir.pp.0.c.clang-tidy.loop-label.err.log
INFO-FLOW: run_clang exec: /opt/xilinx/Vitis_HLS/2024.1/lnx64/tools/clang-3.9-csynth/bin/xilinx-dataflow-lawyer -export-fixes=/home/Data/Design/hls/02_hls_seminar_demos_v24_1/demo01_ws/sol2/sol2_work/hls/.autopilot/db/fir.pp.0.c.xilinx-dataflow-lawyer.diag.yml /home/Data/Design/hls/02_hls_seminar_demos_v24_1/demo01_ws/sol2/sol2_work/hls/.autopilot/db/fir.pp.0.c -- -std=gnu99 -target fpga -fhls -ferror-limit=0 -fstrict-dataflow > /home/Data/Design/hls/02_hls_seminar_demos_v24_1/demo01_ws/sol2/sol2_work/hls/.autopilot/db/fir.pp.0.c.xilinx-dataflow-lawyer.out.log 2> /home/Data/Design/hls/02_hls_seminar_demos_v24_1/demo01_ws/sol2/sol2_work/hls/.autopilot/db/fir.pp.0.c.xilinx-dataflow-lawyer.err.log
Execute       ap_part_info -name xc7a35t-cpg236-1 -data info 
INFO-FLOW: compiling source code to llvm bc
INFO-FLOW: run_clang exec: /opt/xilinx/Vitis_HLS/2024.1/lnx64/tools/clang-3.9-csynth/bin/clang -foptimization-record-file=/home/Data/Design/hls/02_hls_seminar_demos_v24_1/demo01_ws/sol2/sol2_work/hls/.autopilot/db/fir.pp.0.c.clang.diag.yml -mllvm -pass-remarks-missed=reflow|pasta|unroll -mllvm -pass-remarks=reflow|pasta|unroll|inline -fno-limit-debug-info -fhls -flto -fno-exceptions -Wno-error=c++11-narrowing -hls-emit-hint-scope /home/Data/Design/hls/02_hls_seminar_demos_v24_1/demo01_ws/sol2/sol2_work/hls/.autopilot/db/fir.pp.0.c -fno-math-errno -c -emit-llvm -mllvm -disable-llvm-optzns -Werror=implicit-function-declaration -Werror=implicit-hls-streams -Werror=return-type -Wpragmas -Wunused-parameter -Wdump-hls-pragmas -Wno-error=dump-hls-pragmas -hls-clock-period=10 -std=gnu99 -fgnu89-inline -target fpga64-xilinx-linux-gnu -D__VITIS_HLS__ -DAESL_SYN -D__SYNTHESIS__ -D__HLS_SYN__ -I /opt/xilinx/Vitis_HLS/2024.1/common/technology/autopilot -I /opt/xilinx/Vitis_HLS/2024.1/common/technology/autopilot/ap_sysc -include etc/autopilot_ssdm_op.h -D__DSP48E1__ -g -o /home/Data/Design/hls/02_hls_seminar_demos_v24_1/demo01_ws/sol2/sol2_work/hls/.autopilot/db/fir.bc -hls-platform-db-name=/opt/xilinx/Vitis_HLS/2024.1/common/technology/xilinx/common/platform.db -hls-platform-name=artix7_slow -device-resource-info=BRAM_100.000000_DSP_90.000000_FF_41600.000000_LUT_20800.000000_SLICE_8150.000000_URAM_0.000000 -device-name-info=xc7a35tcpg236-1 > /home/Data/Design/hls/02_hls_seminar_demos_v24_1/demo01_ws/sol2/sol2_work/hls/.autopilot/db/fir.pp.0.c.clang.out.log 2> /home/Data/Design/hls/02_hls_seminar_demos_v24_1/demo01_ws/sol2/sol2_work/hls/.autopilot/db/fir.pp.0.c.clang.err.log
INFO: [HLS 200-111] Finished Source Code Analysis and Preprocessing: CPU user time: 0.2 seconds. CPU system time: 0.53 seconds. Elapsed time: 0.74 seconds; current allocated memory: 305.094 MB.
INFO-FLOW: Linking Debug ...
INFO-FLOW: Linking dut bc code.
Execute       run_link_or_opt -out /home/Data/Design/hls/02_hls_seminar_demos_v24_1/demo01_ws/sol2/sol2_work/hls/.autopilot/db/a.g.ld.0.bc -args  "/home/Data/Design/hls/02_hls_seminar_demos_v24_1/demo01_ws/sol2/sol2_work/hls/.autopilot/db/fir.g.bc"  
INFO-FLOW: run_clang exec: /opt/xilinx/Vitis_HLS/2024.1/lnx64/tools/clang-3.9-csynth/bin/llvm-link /home/Data/Design/hls/02_hls_seminar_demos_v24_1/demo01_ws/sol2/sol2_work/hls/.autopilot/db/fir.g.bc -o /home/Data/Design/hls/02_hls_seminar_demos_v24_1/demo01_ws/sol2/sol2_work/hls/.autopilot/db/a.g.ld.0.bc > /home/Data/Design/hls/02_hls_seminar_demos_v24_1/demo01_ws/sol2/sol2_work/hls/.autopilot/db/a.g.ld.0.bc.llvm-link.out.log 2> /home/Data/Design/hls/02_hls_seminar_demos_v24_1/demo01_ws/sol2/sol2_work/hls/.autopilot/db/a.g.ld.0.bc.llvm-link.err.log
INFO-FLOW: 
Execute       run_link_or_opt -opt -out /home/Data/Design/hls/02_hls_seminar_demos_v24_1/demo01_ws/sol2/sol2_work/hls/.autopilot/db/a.g.ld.1.lower.bc -args /home/Data/Design/hls/02_hls_seminar_demos_v24_1/demo01_ws/sol2/sol2_work/hls/.autopilot/db/a.g.ld.0.bc -reflow-lower-math-intrinsics 
INFO-FLOW: run_clang exec: /opt/xilinx/Vitis_HLS/2024.1/lnx64/tools/clang-3.9-csynth/bin/opt -pass-remarks-missed=reflow|pasta|unroll -pass-remarks=reflow|pasta|unroll|inline -pass-remarks-output=/home/Data/Design/hls/02_hls_seminar_demos_v24_1/demo01_ws/sol2/sol2_work/hls/.autopilot/db/a.g.ld.1.lower.bc.opt.diag.yml /home/Data/Design/hls/02_hls_seminar_demos_v24_1/demo01_ws/sol2/sol2_work/hls/.autopilot/db/a.g.ld.0.bc -reflow-lower-math-intrinsics -o /home/Data/Design/hls/02_hls_seminar_demos_v24_1/demo01_ws/sol2/sol2_work/hls/.autopilot/db/a.g.ld.1.lower.bc > /home/Data/Design/hls/02_hls_seminar_demos_v24_1/demo01_ws/sol2/sol2_work/hls/.autopilot/db/a.g.ld.1.lower.bc.opt.out.log 2> /home/Data/Design/hls/02_hls_seminar_demos_v24_1/demo01_ws/sol2/sol2_work/hls/.autopilot/db/a.g.ld.1.lower.bc.opt.err.log
INFO-FLOW: 
INFO-FLOW: Running: gen_design_size_report post-opt
INFO-FLOW: Done: gen_design_size_report post-opt time: 0 seconds per iteration
INFO-FLOW: Linking math bc lib
Execute       run_link_or_opt -out /home/Data/Design/hls/02_hls_seminar_demos_v24_1/demo01_ws/sol2/sol2_work/hls/.autopilot/db/a.g.ld.2.m1.bc -args /home/Data/Design/hls/02_hls_seminar_demos_v24_1/demo01_ws/sol2/sol2_work/hls/.autopilot/db/a.g.ld.1.lower.bc -only-needed /opt/xilinx/Vitis_HLS/2024.1/lnx64/lib/libhlsm_39.bc /opt/xilinx/Vitis_HLS/2024.1/lnx64/lib/libhlsmc++_39.bc 
INFO-FLOW: run_clang exec: /opt/xilinx/Vitis_HLS/2024.1/lnx64/tools/clang-3.9-csynth/bin/llvm-link /home/Data/Design/hls/02_hls_seminar_demos_v24_1/demo01_ws/sol2/sol2_work/hls/.autopilot/db/a.g.ld.1.lower.bc -only-needed /opt/xilinx/Vitis_HLS/2024.1/lnx64/lib/libhlsm_39.bc /opt/xilinx/Vitis_HLS/2024.1/lnx64/lib/libhlsmc++_39.bc -o /home/Data/Design/hls/02_hls_seminar_demos_v24_1/demo01_ws/sol2/sol2_work/hls/.autopilot/db/a.g.ld.2.m1.bc > /home/Data/Design/hls/02_hls_seminar_demos_v24_1/demo01_ws/sol2/sol2_work/hls/.autopilot/db/a.g.ld.2.m1.bc.llvm-link.out.log 2> /home/Data/Design/hls/02_hls_seminar_demos_v24_1/demo01_ws/sol2/sol2_work/hls/.autopilot/db/a.g.ld.2.m1.bc.llvm-link.err.log
INFO-FLOW: 
Command       run_link_or_opt done; 1.36 sec.
Execute       run_link_or_opt -opt -out /home/Data/Design/hls/02_hls_seminar_demos_v24_1/demo01_ws/sol2/sol2_work/hls/.autopilot/db/a.g.ld.3.fpc.bc -args /home/Data/Design/hls/02_hls_seminar_demos_v24_1/demo01_ws/sol2/sol2_work/hls/.autopilot/db/a.g.ld.2.m1.bc -reflow-globaldce -hls-top-function-name=fir -reflow-float-conversion 
INFO-FLOW: run_clang exec: /opt/xilinx/Vitis_HLS/2024.1/lnx64/tools/clang-3.9-csynth/bin/opt -pass-remarks-missed=reflow|pasta|unroll -pass-remarks=reflow|pasta|unroll|inline -pass-remarks-output=/home/Data/Design/hls/02_hls_seminar_demos_v24_1/demo01_ws/sol2/sol2_work/hls/.autopilot/db/a.g.ld.3.fpc.bc.opt.diag.yml /home/Data/Design/hls/02_hls_seminar_demos_v24_1/demo01_ws/sol2/sol2_work/hls/.autopilot/db/a.g.ld.2.m1.bc -reflow-globaldce -hls-top-function-name=fir -reflow-float-conversion -o /home/Data/Design/hls/02_hls_seminar_demos_v24_1/demo01_ws/sol2/sol2_work/hls/.autopilot/db/a.g.ld.3.fpc.bc > /home/Data/Design/hls/02_hls_seminar_demos_v24_1/demo01_ws/sol2/sol2_work/hls/.autopilot/db/a.g.ld.3.fpc.bc.opt.out.log 2> /home/Data/Design/hls/02_hls_seminar_demos_v24_1/demo01_ws/sol2/sol2_work/hls/.autopilot/db/a.g.ld.3.fpc.bc.opt.err.log
INFO-FLOW: 
INFO-FLOW: Running: gen_design_size_report post-opt
INFO-FLOW: Done: gen_design_size_report post-opt time: 0 seconds per iteration
Command       run_link_or_opt done; 0.55 sec.
Execute       run_link_or_opt -out /home/Data/Design/hls/02_hls_seminar_demos_v24_1/demo01_ws/sol2/sol2_work/hls/.autopilot/db/a.g.ld.4.m2.bc -args /home/Data/Design/hls/02_hls_seminar_demos_v24_1/demo01_ws/sol2/sol2_work/hls/.autopilot/db/a.g.ld.3.fpc.bc -only-needed /opt/xilinx/Vitis_HLS/2024.1/lnx64/lib/libfloatconversion_39.bc 
INFO-FLOW: run_clang exec: /opt/xilinx/Vitis_HLS/2024.1/lnx64/tools/clang-3.9-csynth/bin/llvm-link /home/Data/Design/hls/02_hls_seminar_demos_v24_1/demo01_ws/sol2/sol2_work/hls/.autopilot/db/a.g.ld.3.fpc.bc -only-needed /opt/xilinx/Vitis_HLS/2024.1/lnx64/lib/libfloatconversion_39.bc -o /home/Data/Design/hls/02_hls_seminar_demos_v24_1/demo01_ws/sol2/sol2_work/hls/.autopilot/db/a.g.ld.4.m2.bc > /home/Data/Design/hls/02_hls_seminar_demos_v24_1/demo01_ws/sol2/sol2_work/hls/.autopilot/db/a.g.ld.4.m2.bc.llvm-link.out.log 2> /home/Data/Design/hls/02_hls_seminar_demos_v24_1/demo01_ws/sol2/sol2_work/hls/.autopilot/db/a.g.ld.4.m2.bc.llvm-link.err.log
INFO-FLOW: 
Execute       run_link_or_opt -opt -out /home/Data/Design/hls/02_hls_seminar_demos_v24_1/demo01_ws/sol2/sol2_work/hls/.autopilot/db/a.g.ld.5.gdce.bc -args /home/Data/Design/hls/02_hls_seminar_demos_v24_1/demo01_ws/sol2/sol2_work/hls/.autopilot/db/a.g.ld.4.m2.bc -reflow-globaldce -hls-top-function-name=fir 
INFO-FLOW: run_clang exec: /opt/xilinx/Vitis_HLS/2024.1/lnx64/tools/clang-3.9-csynth/bin/opt -pass-remarks-missed=reflow|pasta|unroll -pass-remarks=reflow|pasta|unroll|inline -pass-remarks-output=/home/Data/Design/hls/02_hls_seminar_demos_v24_1/demo01_ws/sol2/sol2_work/hls/.autopilot/db/a.g.ld.5.gdce.bc.opt.diag.yml /home/Data/Design/hls/02_hls_seminar_demos_v24_1/demo01_ws/sol2/sol2_work/hls/.autopilot/db/a.g.ld.4.m2.bc -reflow-globaldce -hls-top-function-name=fir -o /home/Data/Design/hls/02_hls_seminar_demos_v24_1/demo01_ws/sol2/sol2_work/hls/.autopilot/db/a.g.ld.5.gdce.bc > /home/Data/Design/hls/02_hls_seminar_demos_v24_1/demo01_ws/sol2/sol2_work/hls/.autopilot/db/a.g.ld.5.gdce.bc.opt.out.log 2> /home/Data/Design/hls/02_hls_seminar_demos_v24_1/demo01_ws/sol2/sol2_work/hls/.autopilot/db/a.g.ld.5.gdce.bc.opt.err.log
INFO-FLOW: 
INFO-FLOW: Running: gen_design_size_report post-opt
INFO-FLOW: Done: gen_design_size_report post-opt time: 0 seconds per iteration
Execute       send_msg_by_id INFO @200-777@%s Vivado 
INFO: [HLS 200-777] Using interface defaults for 'Vivado' flow target.
Execute       is_m_axi_addr64 
INFO-FLOW: Doing LTO.
INFO-FLOW: run_clang (background poll_ms 5000) exec: /opt/xilinx/Vitis_HLS/2024.1/lnx64/tools/clang-3.9-csynth/bin/clang -foptimization-record-file=/home/Data/Design/hls/02_hls_seminar_demos_v24_1/demo01_ws/sol2/sol2_work/hls/.autopilot/db/a.g.ld.0.bc.clang.reflow.diag.yml -mllvm -pass-remarks-missed=reflow|pasta|unroll -mllvm -pass-remarks=reflow|pasta|unroll|inline -fhls -mllvm -hls-top-function-name=fir -mllvm -hls-db-dir -mllvm /home/Data/Design/hls/02_hls_seminar_demos_v24_1/demo01_ws/sol2/sol2_work/hls/.autopilot/db -emit-llvm -c -target fpga64-xilinx-none -mllvm -xcl-xmlinfo=/home/Data/Design/hls/02_hls_seminar_demos_v24_1/demo01_ws/sol2/sol2_work/hls/.autopilot/db/kernel.internal.xml -mllvm -top-io-mapping-info=/home/Data/Design/hls/02_hls_seminar_demos_v24_1/demo01_ws/sol2/sol2_work/hls/.autopilot/db/top-io-fe.xml -mllvm -hls-bitcode-version=3.1 -mllvm -reflow-enable-slave-interface-default-setting=true -mllvm -gen-kernel-xml=false -mllvm -default-maxi-offset=slave -mllvm -maxi-latency=0 -mllvm -hls-maxi-data-size-in-bits=8 -mllvm -hls-maxi-max-data-size-in-bits=1024 -mllvm -hls-max-widen-size-in-bits=0 -mllvm -xcl-kernel-max-mem-ports=0 -mllvm -maxi-read-trans=16 -mllvm -maxi-write-trans=16 -mllvm -maxi-read-burst-len=16 -mllvm -maxi-write-burst-len=16 -mllvm -reflow-enable-saxi-64bits=0 -mllvm -reflow-basic-block-instr-threshold=200000 -mllvm -reflow-auto-pipeline-threshold=64 -mllvm -reflow-enable-maxi-auto-id-channel=0 -mllvm -enable-fp-thr=0 -mllvm -reflow-bdd-simplify-threshold=1048576 -mllvm -reflow-fanout-threshold=16 -mllvm -reflow-complete-threshold=4 -mllvm -reflow-array-promotion-threshold=64 -mllvm -assume-maxi-align=1 -mllvm -reflow-enable-dataflow-strict-mode-checking=1 -ftime-report -mllvm -time-passes -mllvm -reflow-auto-array-partition-mode=default -mllvm -reflow-enable-auto-small-array-partition=true -mllvm -reflow-enable-auto-array-partition-for-flatten=true -mllvm -reflow-enable-auto-parallel-performance-driven=true -mllvm -reflow-enable-partition-for-automation=true -mllvm -reflow-aggregate-bitwidth-threshold=4096 -mllvm -reflow-reserved-saxilite-registers=0 -mllvm -enable-reflow-auto-loop-pipeline -mllvm -reflow-max-unroll-threshold=409600 -mllvm -auto-unroll-tripcount-threshold=0 -mllvm -reflow-assume-no-address-wrap=true -mllvm -reflow-enable-occurrence-inference=true -mllvm -reflow-emit-hint-scope=true -mllvm -reflow-enable-codegen-with-if=true -mllvm -hls -mllvm -disable-inlined-alloca-merging=true -mllvm -default-clock-period=10 -mllvm -use_read_first_ram_in_loop=1 -mllvm -default-clock-uncertainty=1 -x ir /home/Data/Design/hls/02_hls_seminar_demos_v24_1/demo01_ws/sol2/sol2_work/hls/.autopilot/db/a.g.ld.5.gdce.bc -o /home/Data/Design/hls/02_hls_seminar_demos_v24_1/demo01_ws/sol2/sol2_work/hls/.autopilot/db/a.g.lto.bc -hls-platform-db-name=/opt/xilinx/Vitis_HLS/2024.1/common/technology/xilinx/common/platform.db -hls-platform-name=artix7_slow -device-resource-info=BRAM_100.000000_DSP_90.000000_FF_41600.000000_LUT_20800.000000_SLICE_8150.000000_URAM_0.000000 -device-name-info=xc7a35tcpg236-1 2> /home/Data/Design/hls/02_hls_seminar_demos_v24_1/demo01_ws/sol2/sol2_work/hls/.autopilot/db/a.g.ld.0.bc.clang.reflow.err.log bg_poll_cmd: ::AP::poll_clang_39_closed_source
Execute       send_msg_by_id INFO @200-1995@%s%s%s 32 Compile/Link /home/Data/Design/hls/02_hls_seminar_demos_v24_1/demo01_ws/sol2/sol2_work/hls/syn/report/csynth_design_size.rpt 
INFO: [HLS 200-1995] There were 32 instructions in the design after the 'Compile/Link' phase of compilation. See the Design Size Report for more details: /home/Data/Design/hls/02_hls_seminar_demos_v24_1/demo01_ws/sol2/sol2_work/hls/syn/report/csynth_design_size.rpt
Execute       send_msg_by_id INFO @200-1995@%s%s%s 28 Unroll/Inline (step 1) /home/Data/Design/hls/02_hls_seminar_demos_v24_1/demo01_ws/sol2/sol2_work/hls/syn/report/csynth_design_size.rpt 
INFO: [HLS 200-1995] There were 28 instructions in the design after the 'Unroll/Inline (step 1)' phase of compilation. See the Design Size Report for more details: /home/Data/Design/hls/02_hls_seminar_demos_v24_1/demo01_ws/sol2/sol2_work/hls/syn/report/csynth_design_size.rpt
Execute       send_msg_by_id INFO @200-1995@%s%s%s 26 Unroll/Inline (step 2) /home/Data/Design/hls/02_hls_seminar_demos_v24_1/demo01_ws/sol2/sol2_work/hls/syn/report/csynth_design_size.rpt 
INFO: [HLS 200-1995] There were 26 instructions in the design after the 'Unroll/Inline (step 2)' phase of compilation. See the Design Size Report for more details: /home/Data/Design/hls/02_hls_seminar_demos_v24_1/demo01_ws/sol2/sol2_work/hls/syn/report/csynth_design_size.rpt
Execute       send_msg_by_id INFO @200-1995@%s%s%s 23 Unroll/Inline (step 3) /home/Data/Design/hls/02_hls_seminar_demos_v24_1/demo01_ws/sol2/sol2_work/hls/syn/report/csynth_design_size.rpt 
INFO: [HLS 200-1995] There were 23 instructions in the design after the 'Unroll/Inline (step 3)' phase of compilation. See the Design Size Report for more details: /home/Data/Design/hls/02_hls_seminar_demos_v24_1/demo01_ws/sol2/sol2_work/hls/syn/report/csynth_design_size.rpt
Execute       send_msg_by_id INFO @200-1995@%s%s%s 23 Unroll/Inline (step 4) /home/Data/Design/hls/02_hls_seminar_demos_v24_1/demo01_ws/sol2/sol2_work/hls/syn/report/csynth_design_size.rpt 
INFO: [HLS 200-1995] There were 23 instructions in the design after the 'Unroll/Inline (step 4)' phase of compilation. See the Design Size Report for more details: /home/Data/Design/hls/02_hls_seminar_demos_v24_1/demo01_ws/sol2/sol2_work/hls/syn/report/csynth_design_size.rpt
Execute       send_msg_by_id INFO @200-1995@%s%s%s 23 Array/Struct (step 1) /home/Data/Design/hls/02_hls_seminar_demos_v24_1/demo01_ws/sol2/sol2_work/hls/syn/report/csynth_design_size.rpt 
INFO: [HLS 200-1995] There were 23 instructions in the design after the 'Array/Struct (step 1)' phase of compilation. See the Design Size Report for more details: /home/Data/Design/hls/02_hls_seminar_demos_v24_1/demo01_ws/sol2/sol2_work/hls/syn/report/csynth_design_size.rpt
Execute       send_msg_by_id INFO @200-1995@%s%s%s 23 Array/Struct (step 2) /home/Data/Design/hls/02_hls_seminar_demos_v24_1/demo01_ws/sol2/sol2_work/hls/syn/report/csynth_design_size.rpt 
INFO: [HLS 200-1995] There were 23 instructions in the design after the 'Array/Struct (step 2)' phase of compilation. See the Design Size Report for more details: /home/Data/Design/hls/02_hls_seminar_demos_v24_1/demo01_ws/sol2/sol2_work/hls/syn/report/csynth_design_size.rpt
Execute       send_msg_by_id INFO @200-1995@%s%s%s 23 Array/Struct (step 3) /home/Data/Design/hls/02_hls_seminar_demos_v24_1/demo01_ws/sol2/sol2_work/hls/syn/report/csynth_design_size.rpt 
INFO: [HLS 200-1995] There were 23 instructions in the design after the 'Array/Struct (step 3)' phase of compilation. See the Design Size Report for more details: /home/Data/Design/hls/02_hls_seminar_demos_v24_1/demo01_ws/sol2/sol2_work/hls/syn/report/csynth_design_size.rpt
Execute       send_msg_by_id INFO @200-1995@%s%s%s 23 Array/Struct (step 4) /home/Data/Design/hls/02_hls_seminar_demos_v24_1/demo01_ws/sol2/sol2_work/hls/syn/report/csynth_design_size.rpt 
INFO: [HLS 200-1995] There were 23 instructions in the design after the 'Array/Struct (step 4)' phase of compilation. See the Design Size Report for more details: /home/Data/Design/hls/02_hls_seminar_demos_v24_1/demo01_ws/sol2/sol2_work/hls/syn/report/csynth_design_size.rpt
Execute       send_msg_by_id INFO @200-1995@%s%s%s 24 Array/Struct (step 5) /home/Data/Design/hls/02_hls_seminar_demos_v24_1/demo01_ws/sol2/sol2_work/hls/syn/report/csynth_design_size.rpt 
INFO: [HLS 200-1995] There were 24 instructions in the design after the 'Array/Struct (step 5)' phase of compilation. See the Design Size Report for more details: /home/Data/Design/hls/02_hls_seminar_demos_v24_1/demo01_ws/sol2/sol2_work/hls/syn/report/csynth_design_size.rpt
Execute       send_msg_by_id INFO @200-1995@%s%s%s 24 Performance (step 1) /home/Data/Design/hls/02_hls_seminar_demos_v24_1/demo01_ws/sol2/sol2_work/hls/syn/report/csynth_design_size.rpt 
INFO: [HLS 200-1995] There were 24 instructions in the design after the 'Performance (step 1)' phase of compilation. See the Design Size Report for more details: /home/Data/Design/hls/02_hls_seminar_demos_v24_1/demo01_ws/sol2/sol2_work/hls/syn/report/csynth_design_size.rpt
Execute       send_msg_by_id INFO @200-1995@%s%s%s 23 Performance (step 2) /home/Data/Design/hls/02_hls_seminar_demos_v24_1/demo01_ws/sol2/sol2_work/hls/syn/report/csynth_design_size.rpt 
INFO: [HLS 200-1995] There were 23 instructions in the design after the 'Performance (step 2)' phase of compilation. See the Design Size Report for more details: /home/Data/Design/hls/02_hls_seminar_demos_v24_1/demo01_ws/sol2/sol2_work/hls/syn/report/csynth_design_size.rpt
Execute       send_msg_by_id INFO @200-1995@%s%s%s 23 Performance (step 3) /home/Data/Design/hls/02_hls_seminar_demos_v24_1/demo01_ws/sol2/sol2_work/hls/syn/report/csynth_design_size.rpt 
INFO: [HLS 200-1995] There were 23 instructions in the design after the 'Performance (step 3)' phase of compilation. See the Design Size Report for more details: /home/Data/Design/hls/02_hls_seminar_demos_v24_1/demo01_ws/sol2/sol2_work/hls/syn/report/csynth_design_size.rpt
Execute       send_msg_by_id INFO @200-1995@%s%s%s 23 Performance (step 4) /home/Data/Design/hls/02_hls_seminar_demos_v24_1/demo01_ws/sol2/sol2_work/hls/syn/report/csynth_design_size.rpt 
INFO: [HLS 200-1995] There were 23 instructions in the design after the 'Performance (step 4)' phase of compilation. See the Design Size Report for more details: /home/Data/Design/hls/02_hls_seminar_demos_v24_1/demo01_ws/sol2/sol2_work/hls/syn/report/csynth_design_size.rpt
Execute       send_msg_by_id INFO @200-1995@%s%s%s 29 HW Transforms (step 1) /home/Data/Design/hls/02_hls_seminar_demos_v24_1/demo01_ws/sol2/sol2_work/hls/syn/report/csynth_design_size.rpt 
INFO: [HLS 200-1995] There were 29 instructions in the design after the 'HW Transforms (step 1)' phase of compilation. See the Design Size Report for more details: /home/Data/Design/hls/02_hls_seminar_demos_v24_1/demo01_ws/sol2/sol2_work/hls/syn/report/csynth_design_size.rpt
Execute       send_msg_by_id INFO @200-1995@%s%s%s 34 HW Transforms (step 2) /home/Data/Design/hls/02_hls_seminar_demos_v24_1/demo01_ws/sol2/sol2_work/hls/syn/report/csynth_design_size.rpt 
INFO: [HLS 200-1995] There were 34 instructions in the design after the 'HW Transforms (step 2)' phase of compilation. See the Design Size Report for more details: /home/Data/Design/hls/02_hls_seminar_demos_v24_1/demo01_ws/sol2/sol2_work/hls/syn/report/csynth_design_size.rpt
Execute       source /opt/xilinx/Vitis_HLS/2024.1/tps/tcl/tcllib1.11.1/yaml/yaml.tcl 
INFO: [HLS 214-376] automatically set the pipeline for Loop< Shift_Accum_Loop> at ../src/fir.c:11:21 
INFO-FLOW: DBG:PUTS: copy_raw_kernel_xml ap_link_39: kernel.xml not generated: /home/Data/Design/hls/02_hls_seminar_demos_v24_1/demo01_ws/sol2/sol2_work/hls/.autopilot/db/kernel.internal.xml
INFO: [HLS 200-111] Finished Compiling Optimization and Transform: CPU user time: 1.98 seconds. CPU system time: 0.46 seconds. Elapsed time: 7.05 seconds; current allocated memory: 307.008 MB.
INFO: [HLS 200-111] Finished Checking Pragmas: CPU user time: 0 seconds. CPU system time: 0 seconds. Elapsed time: 0 seconds; current allocated memory: 307.008 MB.
Execute       opt_and_import_c a -opt_level=2 -skip_syncheck=0 -ng=0 -keep_printf=0 
Execute         cleanup_all_models 
INFO: [HLS 200-10] Starting code transformations ...
INFO-FLOW: Running Standard Transforms...
Execute         transform -hls -share-std-xform -demangle-name -inline-byval-memcpy -always-inline -promote-dbg-pointer -interface-preproc -mem2reg -scalarrepl -mem2reg -keep-read-access -instcombine -dce -promote-dbg-pointer -bitop-raise -loop-simplify -indvarspre -indvars -loop-simplify -constprop -instcombine -simplifycfg -indvars -simplifycfg -dce -globaldce -basicaa -simplifycfg -mem2reg -globalopt -global-constprop -deadargelim -instcombine -simplifycfg -scalarrepl -instcombine -reassociate -licm -simplifycfg -loop-simplify -indvars -instcombine -simplifycfg -mem2reg -loop-simplify -indvars -instcombine -gvn -gvn -instcombine -adce -break-crit-edges -simplifycfg -loop-delete -global-array-opt -dce -dse -adce -find-syn-modules -top fir -deadargelim -mem2reg -instcombine -dce -presyn-prepare -interface-preproc -syn-check -check-rec-only -find-region -simplifycfg -func-extr -function-inline -globaldce -mem2reg -instcombine -dce -gvn -globaldce -adce -adse -constprop -instcombine -bit-constprop -instcombine -dce -simplifycfg -bitop-raise -simplifycfg -dce -loop-delete -reassociate -globalopt -global-privatize -mem2reg -dce -global-constprop -pointer-simplify -constprop -dce -promote-dbg-pointer -norm-name /home/Data/Design/hls/02_hls_seminar_demos_v24_1/demo01_ws/sol2/sol2_work/hls/.autopilot/db/a.g.0.bc -o /home/Data/Design/hls/02_hls_seminar_demos_v24_1/demo01_ws/sol2/sol2_work/hls/.autopilot/db/a.g.1.bc -f -phase std-opt 
INFO: [HLS 200-111] Finished Standard Transforms: CPU user time: 0.01 seconds. CPU system time: 0 seconds. Elapsed time: 0.01 seconds; current allocated memory: 307.129 MB.
INFO: [HLS 200-10] Checking synthesizability ...
INFO-FLOW: Checking Synthesizability 1/2..
Execute         transform -hls -syn-check -check-rec-only -scalarrepl -norm-name -dce -mem2reg -instcombine -directive-preproc -mem2reg -dse -dce -dce -pag -array-normalize -instcombine -dce -array-seg-normalize -instcombine -dce -data-pack -instcombine -dce -inst-simplify -array-flatten -instcombine -dce -array-burst -dce -deadargelim -promote-global-argument -simplifycfg -mem2reg -globaldce -dce -deadargelim -dce -instcombine -function-inline -globaldce -dce -doublePtrSimplify -doublePtrElim -dce -doublePtrSimplify -promote-dbg-pointer -dce -scalarrepl -dse -adse -instcombine -ptrLegalization -simplifycfg -dce -instcombine -pointer-simplify -ptrArgReplace -dce -instcombine -resolve-double-ptr -scalarrepl -norm-name -dce -mem2reg -instcombine -ptrLegalization -simplifycfg -deadargelim -instcombine -dce -inst-simplify -directive-preproc -mem2reg -dse -dce -globaldce /home/Data/Design/hls/02_hls_seminar_demos_v24_1/demo01_ws/sol2/sol2_work/hls/.autopilot/db/a.g.1.bc -o /home/Data/Design/hls/02_hls_seminar_demos_v24_1/demo01_ws/sol2/sol2_work/hls/.autopilot/db/a.g.2.prechk.bc -f 
INFO-FLOW: Checking Synthesizability 2/2..
Execute         transform -syn-check /home/Data/Design/hls/02_hls_seminar_demos_v24_1/demo01_ws/sol2/sol2_work/hls/.autopilot/db/a.g.2.prechk.bc -o /home/Data/Design/hls/02_hls_seminar_demos_v24_1/demo01_ws/sol2/sol2_work/hls/.autopilot/db/a.g.2.bc -f -phase syn-check 
INFO: [HLS 200-111] Finished Checking Synthesizability: CPU user time: 0.01 seconds. CPU system time: 0 seconds. Elapsed time: 0.01 seconds; current allocated memory: 307.129 MB.
INFO-FLOW: Compiler optimizing ...
INFO-FLOW: Share syncheck's 1.bc for syn flow: copy /home/Data/Design/hls/02_hls_seminar_demos_v24_1/demo01_ws/sol2/sol2_work/hls/.autopilot/db/a.g.1.bc to /home/Data/Design/hls/02_hls_seminar_demos_v24_1/demo01_ws/sol2/sol2_work/hls/.autopilot/db/a.o.1.bc
INFO-FLOW: Presyn 1...
Execute         transform -hls -tmp /home/Data/Design/hls/02_hls_seminar_demos_v24_1/demo01_ws/sol2/sol2_work/hls/.autopilot/db -interface-port-rename -directive-preproc -mem2reg -dse -dce -scalarrepl -norm-name -deadargelim -mem2reg -instcombine -dce -simplifycfg -dce -resource-proc -clib-intrinsic-prepare -dce -func-buffer -dce -pag -array-normalize -func-legal -instcombine -gvn -constprop -dce -simplifycfg -mem2reg -globaldce -resolve-double-ptr -dce -deadargelim -dce -instcombine -ptrArgReplace -mem2reg -dce -array-seg-normalize -deadargelim -instcombine -dce -directive-preproc -mem2reg -dse -dce -pointer-simplify -dce -port-alignment -dce -interface-preproc -data-pack -instcombine -dce -basicaa -aggr-aa -aggrmodref-aa -aggr-aa -gvn -gvn -basicaa -aggr-aa -aggrmodref-aa -aggr-aa -dse -adse -adce -loop-simplify -indvars -instcombine -gvn -loop-simplify -mem2reg -dce -find-region -instcombine -inst-simplify -interface-preproc -cfgopt -instcombine -indvars -loop-simplify -loop-bound -constprop -instcombine -simplifycfg -indvars -simplifycfg -dce -globaldce -clean-region -attach-range -gvn -inst-simplify -constprop -simplifycfg -dce -pointer-simplify -dce -globalopt -constprop -dce -array-promote -constprop -dce -ptrArgReplace -mem2reg -simplifycfg -dce -instcombine -dce -array-transform-check -array-reshape -instcombine -simplifycfg -dce -ptrArgReplace -deadargelim -mem2reg -instcombine -simplifycfg -dce -indvars -loop-simplify -loop-bound -constprop -instcombine -simplifycfg -indvars -simplifycfg -dce -globaldce -basicaa -aggr-aa -aggrmodref-aa -aggr-aa -dse -duplicate-dataflow-processes -globaldce -instcombine -array-partition -prepare-dynamic-array-partition -instcombine -simplifycfg -dce -ptrArgReplace -global-constprop -deadargelim -mem2reg -func-legal -dce -global-constprop -deadargelim -mem2reg -simplifycfg -dce -merge-param -deadargelim -globalopt -constprop -dce -array-promote -constprop -dce -ptrArgReplace -mem2reg -simplifycfg -dce -mem-intrinsic-preproc -dce -global-internalize -global-privatize -mem2reg -globaldce -lcssa -loop-simplify -phi-select-elim -promote-global-argument -ptrArgReplace -mem2reg -dce -globalopt -mergereturn -simplify-global-access -mem2reg -dce -pointer-simplify -dce -basicaa -aggr-aa -aggrmodref-aa -aggr-aa -functionattrs -basicaa -aggr-aa -aggrmodref-aa -aggr-aa -gvn -gvn -basicaa -aggr-aa -aggrmodref-aa -aggr-aa -dse -adse -adce -dce -norm-name -basicaa -aggr-aa -aggrmodref-aa -aggr-aa -accesses-merge -function-inline -complex-op-raise -inst-simplify -globaldce -func-legal -dce -loop-bound -arraycheck -bitwidthmin2 -bitwidthmin2 -on-by-dataflow -loop-delete -instcombine -simplifycfg -globaldce -dce -gvn -deadargelim -dce -loop-simplify -clean-region -simplifycfg -propagate-stable-arguments -loop-stream -instcombine -simplifycfg -dce -globaldce -duplicate-dataflow-processes -stream-intrinsic-preproc -dce -check-ap-stream -loop-simplify -eliminate-keepreads -extract-dataflow-in-loop -loop-simplify -dce -gvn -deadargelim -dse -duplicate-dataflow-processes -check-dataflow-syntax -legalize-stream-variable -globaldce -legalize-global -extract-subproc -dce -dead-channel-elimination -canonicalize-gep -globaldce -dce -gvn -hls-dead-arg-elim -deadargelim -directive-preproc -canonicalize-dataflow -dce -globaldce -scalar-preprocessing -scalar-propagation2 -scalar-stream -deadargelim -globaldce -mem2reg -check-dataflow-channels -function-stream -dce -globaldce -prop-fifo-spec -internal-stream-gen -canonicalize-gep -globaldce -dce -gvn -deadargelim -mergereturn -indvars -loop-simplify -instcombine -array-stream -array-seg-normalize -array-partition -clean-array-spec -func-legal -instcombine -simplifycfg -dce -bundle-memfifo-ops -deadargelim -directive-preproc -mem2reg -dse -dce -group-axi-access -licm -simplifycfg -dce -loop-delete -hls-display -norm-name /home/Data/Design/hls/02_hls_seminar_demos_v24_1/demo01_ws/sol2/sol2_work/hls/.autopilot/db/a.o.1.bc -o /home/Data/Design/hls/02_hls_seminar_demos_v24_1/demo01_ws/sol2/sol2_work/hls/.autopilot/db/a.o.1.tmp.bc -f 
INFO-FLOW: Presyn 2...
Execute         transform -hls -keep-callgraph -scalarrepl -mem2reg -port-alignment -attach-range -dce -pipe-mux-gen -indvars -loop-bound -inst-simplify -instcombine -dce -merge-array-access -mem2reg -dce -clean-region -mergereturn -if-conv -instcombine -dce -constprop -basicaa -aggr-aa -aggrmodref-aa -aggr-aa -gvn -gvn -basicaa -aggr-aa -aggrmodref-aa -aggr-aa -dse -adse -adce -scalarrepl -mem2reg -global-constprop -deadargelim -deadargelim -instcombine -dce -simplifycfg -ptrArgReplace -mem2reg -function-inline -globaldce -mem2reg -instcombine -dce -expr-balance -instcombine -dce -bitwidthmin2 -bitwidthmin2 -interface-preproc -directive-preproc -inst-rectify -instcombine -dce -basicaa -aggr-aa -aggrmodref-aa -aggr-aa -functionattrs -constprop -instcombine -bit-constprop -simplify-global-access -globalopt -globaldce -inst-simplify -instcombine -elimdeaddata -dce -loop-delete -simplifycfg -loop-simplify -barrier -norm-name /home/Data/Design/hls/02_hls_seminar_demos_v24_1/demo01_ws/sol2/sol2_work/hls/.autopilot/db/a.o.1.tmp.bc -o /home/Data/Design/hls/02_hls_seminar_demos_v24_1/demo01_ws/sol2/sol2_work/hls/.autopilot/db/a.o.2.bc -f -phase presyn 
INFO: [HLS 200-111] Finished Loop, function and other optimizations: CPU user time: 0.02 seconds. CPU system time: 0.01 seconds. Elapsed time: 0.04 seconds; current allocated memory: 328.730 MB.
Execute         transform -hls -auto-function-inline -globaldce -ptrArgReplace -mem2reg -dce -reset-lda -loop-simplify -indvars -aggr-aa -licm -loop-dep -loop-bound -licm -loop-simplify -loop-sink-hoist -flattenloopnest -array-flatten -gvn -instcombine -dce -array-map -dce -func-legal -gvn -adce -instcombine -cfgopt -simplifycfg-lite -loop-simplify -array-burst -promote-global-argument -dce -array-seg-normalize -basicaa -aggrmodref-aa -globalsmodref-aa -aggr-aa -gvn -gvn -basicaa -aggrmodref-aa -globalsmodref-aa -aggr-aa -dse -adse -adce -licm -inst-simplify -dce -globaldce -instcombine -array-stream -eliminate-keepreads -instcombine -dce -deadargelim -doublePtrSimplify -doublePtrElim -dce -doublePtrSimplify -promote-dbg-pointer -dce -scalarrepl -mem2reg -norm-name -mem2reg -instcombine -dse -adse -adce -ptrLegalization -dce -array-flatten -dce -instcombine -check-doubleptr -loop-rot -constprop -inst-simplify -cfgopt -simplifycfg-lite -loop-simplify -indvars -pointer-simplify -dce -loop-bound -loop-simplify -loop-preproc -constprop -global-constprop -gvn -mem2reg -instcombine -dce -loop-bound -loop-merge -dce -deadargelim -dce -canonicalize-dataflow -dce -deadargelim -globaldce -mem2reg -bram-byte-enable -inst-simplify -inst-rectify -instcombine -adce -deadargelim -load-elim -read-loop-dep -loop-simplify -loop-extract-inner -directive-preproc -bitwidthmin2 -bitwidthmin2 -read-loop-dep -interface-preproc -directive-preproc -interface-gen -bram-byte-enable-spec-prop -mul2addshift -deadargelim -inst-simplify -dce -mem2reg -instcombine -gvn -dce -adse -loop-bound -instcombine -cfgopt -simplifycfg-lite -loop-simplify -clean-region -io-protocol -find-region -mem2reg -bitop-raise -complex-op-raise -inst-simplify -inst-rectify -instcombine -adce -deadargelim -float-op-raise -loop-simplify -phi-opt -bitop-raise -cfgopt -simplifycfg-lite -strip-dead-prototypes -interface-lower -bitop-lower -intrinsic-lower -auto-function-inline -basicaa -aggrmodref-aa -globalsmodref-aa -aggr-aa -inst-simplify -simplifycfg-lite -loop-simplify -mergereturn -inst-simplify -inst-rectify -globaldce -dce -load-elim -bitop-lower -float-op-raise -fma-raise -loop-rewind -pointer-simplify -dce -cfgopt -dce -loop-bound -loop-dep -read-loop-dep -dce -dyn-mem-reuse -dce -recurrence-min -dce -share-scalar-alloca -deadargelim -dce -check-stream -norm-name -legalize -inst-clarity -bitwidth -dce -validate-dataflow -dump-loop-dep-to-ir -check-all-ssdm -dump-complexity-metric /home/Data/Design/hls/02_hls_seminar_demos_v24_1/demo01_ws/sol2/sol2_work/hls/.autopilot/db/a.o.2.bc -o /home/Data/Design/hls/02_hls_seminar_demos_v24_1/demo01_ws/sol2/sol2_work/hls/.autopilot/db/a.o.3.bc -f -phase build-ssdm 
Execute           auto_get_db
INFO-FLOW: Building ssdm...
Execute         transform -hls -cdfg-build /home/Data/Design/hls/02_hls_seminar_demos_v24_1/demo01_ws/sol2/sol2_work/hls/.autopilot/db/a.o.3.bc -o /home/Data/Design/hls/02_hls_seminar_demos_v24_1/demo01_ws/sol2/sol2_work/hls/.autopilot/db/a.o.3.bc -f -phase build-ssdm 
INFO: [HLS 200-111] Finished Architecture Synthesis: CPU user time: 0.02 seconds. CPU system time: 0.01 seconds. Elapsed time: 0.02 seconds; current allocated memory: 319.477 MB.
INFO-FLOW: Finish building internal data model.
Command     elaborate done; 7.88 sec.
Execute     ap_eval exec zip -j /home/Data/Design/hls/02_hls_seminar_demos_v24_1/demo01_ws/sol2/sol2_work/hls/.autopilot/db/dut.hcp $dbDir/a.o.3.bc $dbDir/${topname}.rtl_wrap.cfg.tcl $dbDir/apatb_${topname}.cpp $dbDir/apatb_${topname}_util.cpp $dbDir/apatb_${topname}_ir.ll $dbDir/mapper_${topname}.cpp $dbDir/top-io-fe.xml $dbDir/kernel.internal.xml $workdir/../hls.app 
Execute     autosyn -from_csynth_design=1 
INFO: [HLS 200-10] Starting hardware synthesis ...
INFO-FLOW: Synthesizing C/C++ design ...
INFO: [HLS 200-10] Synthesizing 'fir' ...
Execute       ap_set_top_model fir 
Execute       get_model_list fir -filter all-wo-channel -topdown 
Execute       preproc_iomode -model fir 
Execute       get_model_list fir -filter all-wo-channel 
INFO-FLOW: Model list for configure: fir
INFO-FLOW: Configuring Module : fir ...
Execute       set_default_model fir 
Execute       apply_spec_resource_limit fir 
INFO-FLOW: Model list for preprocess: fir
INFO-FLOW: Preprocessing Module: fir ...
Execute       set_default_model fir 
Execute       cdfg_preprocess -model fir 
Execute       rtl_gen_preprocess fir 
INFO-FLOW: Model list for synthesis: fir
INFO: [HLS 200-10] ----------------------------------------------------------------
INFO: [HLS 200-42] -- Implementing module 'fir' 
INFO: [HLS 200-10] ----------------------------------------------------------------
Execute       set_default_model fir 
Execute       schedule -model fir 
INFO: [SCHED 204-11] Starting scheduling ...
INFO: [SCHED 204-61] Pipelining loop 'Shift_Accum_Loop'.
INFO: [HLS 200-1470] Pipelining result : Target II = NA, Final II = 1, Depth = 4, loop 'Shift_Accum_Loop'
INFO: [SCHED 204-11] Finished scheduling.
INFO: [HLS 200-111] Finished Scheduling: CPU user time: 0.04 seconds. CPU system time: 0.02 seconds. Elapsed time: 0.06 seconds; current allocated memory: 319.949 MB.
Execute       syn_report -verbosereport -o /home/Data/Design/hls/02_hls_seminar_demos_v24_1/demo01_ws/sol2/sol2_work/hls/.autopilot/db/fir.verbose.sched.rpt 
Execute         list_part -family xc7a35t-cpg236-1 
Execute           ap_family_info -name xc7a35t-cpg236-1 -data names 
Execute           ap_part_info -quiet -name xc7a35t-cpg236-1 -data family 
Execute       db_write -o /home/Data/Design/hls/02_hls_seminar_demos_v24_1/demo01_ws/sol2/sol2_work/hls/.autopilot/db/fir.sched.adb -f 
INFO-FLOW: Finish scheduling fir.
Execute       set_default_model fir 
Execute       bind -model fir 
INFO: [BIND 205-100] Starting micro-architecture generation ...
INFO: [BIND 205-101] Performing variable lifetime analysis.
INFO: [BIND 205-101] Exploring resource sharing.
INFO: [BIND 205-101] Binding ...
INFO: [BIND 205-100] Finished micro-architecture generation.
INFO: [HLS 200-111] Finished Binding: CPU user time: 0.02 seconds. CPU system time: 0 seconds. Elapsed time: 0.03 seconds; current allocated memory: 319.949 MB.
Execute       syn_report -verbosereport -o /home/Data/Design/hls/02_hls_seminar_demos_v24_1/demo01_ws/sol2/sol2_work/hls/.autopilot/db/fir.verbose.bind.rpt 
Execute         list_part -family xc7a35t-cpg236-1 
Execute           ap_family_info -name xc7a35t-cpg236-1 -data names 
Execute           ap_part_info -quiet -name xc7a35t-cpg236-1 -data family 
Execute       db_write -o /home/Data/Design/hls/02_hls_seminar_demos_v24_1/demo01_ws/sol2/sol2_work/hls/.autopilot/db/fir.bind.adb -f 
INFO-FLOW: Finish binding fir.
Execute       get_model_list fir -filter all-wo-channel 
INFO-FLOW: Preprocessing for RTLGen ...
Execute       rtl_gen_preprocess fir 
INFO-FLOW: Model list for RTL generation: fir
INFO: [HLS 200-10] ----------------------------------------------------------------
INFO: [HLS 200-10] -- Generating RTL for module 'fir' 
INFO: [HLS 200-10] ----------------------------------------------------------------
Execute       create_rtl_model fir -top_prefix  -sub_prefix fir_ -mg_file /home/Data/Design/hls/02_hls_seminar_demos_v24_1/demo01_ws/sol2/sol2_work/hls/.autopilot/db/fir.compgen.tcl 
INFO: [RTGEN 206-500] Setting interface mode on port 'fir/y' to 'ap_vld'.
INFO: [RTGEN 206-500] Setting interface mode on port 'fir/c' to 'ap_memory'.
INFO: [RTGEN 206-500] Setting interface mode on port 'fir/x' to 'ap_none'.
INFO: [RTGEN 206-500] Setting interface mode on function 'fir' to 'ap_ctrl_hs'.
INFO: [RTGEN 206-100] Generating core module 'mul_32s_32s_32_1_1': 1 instance(s).
INFO: [RTGEN 206-100] Finished creating RTL model for 'fir'.
INFO: [RTMG 210-278] Implementing memory 'fir_shift_reg_RAM_AUTO_1R1W' using auto RAMs.
INFO: [HLS 200-111] Finished Creating RTL model: CPU user time: 0.04 seconds. CPU system time: 0 seconds. Elapsed time: 0.04 seconds; current allocated memory: 319.949 MB.
Execute       source /home/Data/Design/hls/02_hls_seminar_demos_v24_1/demo01_ws/sol2/sol2_work/hls/.autopilot/db/fir.rtl_wrap.cfg.tcl 
Execute       gen_rtl fir -istop -style xilinx -f -lang vhdl -o /home/Data/Design/hls/02_hls_seminar_demos_v24_1/demo01_ws/sol2/sol2_work/hls/syn/vhdl/fir 
Execute       gen_rtl fir -istop -style xilinx -f -lang vlog -o /home/Data/Design/hls/02_hls_seminar_demos_v24_1/demo01_ws/sol2/sol2_work/hls/syn/verilog/fir 
Execute       syn_report -csynth -model fir -o /home/Data/Design/hls/02_hls_seminar_demos_v24_1/demo01_ws/sol2/sol2_work/hls/syn/report/fir_csynth.rpt 
Execute         list_part -family xc7a35t-cpg236-1 
Execute           ap_family_info -name xc7a35t-cpg236-1 -data names 
Execute           ap_part_info -quiet -name xc7a35t-cpg236-1 -data family 
Execute       syn_report -rtlxml -model fir -o /home/Data/Design/hls/02_hls_seminar_demos_v24_1/demo01_ws/sol2/sol2_work/hls/syn/report/fir_csynth.xml 
Execute         list_part -family xc7a35t-cpg236-1 
Execute           ap_family_info -name xc7a35t-cpg236-1 -data names 
Execute           ap_part_info -quiet -name xc7a35t-cpg236-1 -data family 
Execute       syn_report -verbosereport -model fir -o /home/Data/Design/hls/02_hls_seminar_demos_v24_1/demo01_ws/sol2/sol2_work/hls/.autopilot/db/fir.verbose.rpt 
Execute         list_part -family xc7a35t-cpg236-1 
Execute           ap_family_info -name xc7a35t-cpg236-1 -data names 
Execute           ap_part_info -quiet -name xc7a35t-cpg236-1 -data family 
Execute       db_write -model fir -f -o /home/Data/Design/hls/02_hls_seminar_demos_v24_1/demo01_ws/sol2/sol2_work/hls/.autopilot/db/fir.adb 
Execute       db_write -model fir -bindview -o /home/Data/Design/hls/02_hls_seminar_demos_v24_1/demo01_ws/sol2/sol2_work/hls/.autopilot/db/design.bindinfo.xml 
Execute       gen_tb_info fir -p /home/Data/Design/hls/02_hls_seminar_demos_v24_1/demo01_ws/sol2/sol2_work/hls/.autopilot/db -o /home/Data/Design/hls/02_hls_seminar_demos_v24_1/demo01_ws/sol2/sol2_work/hls/.autopilot/db/fir 
Execute       export_constraint_db -f -tool general -o /home/Data/Design/hls/02_hls_seminar_demos_v24_1/demo01_ws/sol2/sol2_work/hls/.autopilot/db/fir.constraint.tcl 
Execute       syn_report -designview -model fir -o /home/Data/Design/hls/02_hls_seminar_demos_v24_1/demo01_ws/sol2/sol2_work/hls/.autopilot/db/fir.design.xml 
Execute       syn_report -csynthDesign -model fir -o /home/Data/Design/hls/02_hls_seminar_demos_v24_1/demo01_ws/sol2/sol2_work/hls/syn/report/csynth.rpt -MHOut /home/Data/Design/hls/02_hls_seminar_demos_v24_1/demo01_ws/sol2/sol2_work/hls/.autopilot/db/kernel_module_hierarchy.tcl 
Execute         list_part -family xc7a35t-cpg236-1 
Execute           ap_family_info -name xc7a35t-cpg236-1 -data names 
Execute           ap_part_info -quiet -name xc7a35t-cpg236-1 -data family 
Execute       syn_report -wcfg -model fir -o /home/Data/Design/hls/02_hls_seminar_demos_v24_1/demo01_ws/sol2/sol2_work/hls/.autopilot/db/fir_dataflow_ana.wcfg 
Execute       syn_report -protoinst -model fir -o /home/Data/Design/hls/02_hls_seminar_demos_v24_1/demo01_ws/sol2/sol2_work/hls/.autopilot/db/fir.protoinst 
Execute       sc_get_clocks fir 
Execute       sc_get_portdomain fir 
INFO-FLOW: Model list for RTL component generation: fir
INFO-FLOW: Handling components in module [fir] ... 
Execute       source /home/Data/Design/hls/02_hls_seminar_demos_v24_1/demo01_ws/sol2/sol2_work/hls/.autopilot/db/fir.compgen.tcl 
INFO-FLOW: Found component fir_mul_32s_32s_32_1_1.
INFO-FLOW: Append model fir_mul_32s_32s_32_1_1
INFO-FLOW: Found component fir_shift_reg_RAM_AUTO_1R1W.
INFO-FLOW: Append model fir_shift_reg_RAM_AUTO_1R1W
INFO-FLOW: Append model fir
INFO-FLOW: Generating RTL model list ...
INFO-FLOW: All models in this session: fir_mul_32s_32s_32_1_1 fir_shift_reg_RAM_AUTO_1R1W fir
INFO-FLOW: Generating /home/Data/Design/hls/02_hls_seminar_demos_v24_1/demo01_ws/sol2/sol2_work/hls/.autopilot/db/autopilot.rtl.models.txt file...
INFO-FLOW: To file: write model fir_mul_32s_32s_32_1_1
INFO-FLOW: To file: write model fir_shift_reg_RAM_AUTO_1R1W
INFO-FLOW: To file: write model fir
INFO-FLOW: Generating /home/Data/Design/hls/02_hls_seminar_demos_v24_1/demo01_ws/sol2/sol2_work/hls/.autopilot/db/autopilot.rtl.models.tcl file...
INFO-FLOW: Finished generating RTL model list.


INFO-FLOW: RTL Generation done.
INFO-FLOW: CAS Generation done.
INFO-FLOW: CBC Generation done.
INFO-FLOW: DBG:PROC: ::AESL_AUTOMG::auto_generate_csynth_design
INFO-FLOW: DBG:PUTS: read_platform_lib /home/Data/Design/hls/02_hls_seminar_demos_v24_1/demo01_ws/sol2/sol2_work/hls/.autopilot/db/global.setting.tcl
Execute       source /opt/xilinx/Vitis_HLS/2024.1/common/technology/generic/autopilot/common.gen 
Execute         source /opt/xilinx/Vitis_HLS/2024.1/common/technology/generic/autopilot/APCoreGen.gen 
Execute       source /opt/xilinx/Vitis_HLS/2024.1/common/technology/generic/autopilot/op.gen 
Execute       source /opt/xilinx/Vitis_HLS/2024.1/common/technology/generic/autopilot/op_simcore.gen 
Execute       source /opt/xilinx/Vitis_HLS/2024.1/common/technology/generic/autopilot/interface.gen 
Execute       source /home/Data/Design/hls/02_hls_seminar_demos_v24_1/demo01_ws/sol2/sol2_work/hls/.autopilot/db/global.setting.tcl 
Execute       ap_family_info -name artix7 -data parts 
Execute       ap_part_info -name xc7a12ticsg325-1L -data info 
Execute       source /opt/xilinx/Vitis_HLS/2024.1/common/technology/xilinx/common/xilinx.gen 
Execute         source /opt/xilinx/Vitis_HLS/2024.1/common/technology/xilinx/interface/plb46.gen 
Execute         source /opt/xilinx/Vitis_HLS/2024.1/common/technology/xilinx/interface/axi4.gen 
Execute         source /opt/xilinx/Vitis_HLS/2024.1/common/technology/xilinx/interface/nativeAXI4.gen 
Execute           source /opt/xilinx/Vitis_HLS/2024.1/common/technology/xilinx/interface/saxilite.gen 
Execute         source /opt/xilinx/Vitis_HLS/2024.1/common/technology/xilinx/scripts/xilinxcoregen.gen 
Execute         source /opt/xilinx/Vitis_HLS/2024.1/common/technology/xilinx/interface/XilEDKCoreGen.gen 
Execute         source /opt/xilinx/Vitis_HLS/2024.1/common/technology/xilinx/ip/xfft.gen 
Execute         source /opt/xilinx/Vitis_HLS/2024.1/common/technology/xilinx/ip/util.gen 
Execute         source /opt/xilinx/Vitis_HLS/2024.1/common/technology/xilinx/ip/xfir.gen 
Execute         source /opt/xilinx/Vitis_HLS/2024.1/common/technology/xilinx/ip/dds_compiler.gen 
Execute         source /opt/xilinx/Vitis_HLS/2024.1/common/technology/xilinx/DSP48/dsp48.gen 
INFO-FLOW: DBG:PUTS:   using AESL_AUTOCG::g_clock_period=10.000 (was NA)
INFO-FLOW: DBG:PROC: ::AESL_AUTOMG::generate_ip_cores gen_sim_model='1' gen_fp_models='0' gen_for_export='0' dstSCDir='' dstVhdlDir='/home/Data/Design/hls/02_hls_seminar_demos_v24_1/demo01_ws/sol2/sol2_work/hls/.autopilot/db/vhdl' dstVlogDir='/home/Data/Design/hls/02_hls_seminar_demos_v24_1/demo01_ws/sol2/sol2_work/hls/.autopilot/db/vlog' tclDir='/home/Data/Design/hls/02_hls_seminar_demos_v24_1/demo01_ws/sol2/sol2_work/hls/.autopilot/db' modelList='fir_mul_32s_32s_32_1_1
fir_shift_reg_RAM_AUTO_1R1W
fir
' expOnly='0'
Execute       source /home/Data/Design/hls/02_hls_seminar_demos_v24_1/demo01_ws/sol2/sol2_work/hls/.autopilot/db/global.setting.tcl 
Execute       ap_part_info -name xc7a35t-cpg236-1 -data names -quiet 
Execute       ap_part_info -name xc7a35t-cpg236-1 -data info -quiet 
Execute       source /home/Data/Design/hls/02_hls_seminar_demos_v24_1/demo01_ws/sol2/sol2_work/hls/.autopilot/db/global.setting.tcl 
Execute       source /home/Data/Design/hls/02_hls_seminar_demos_v24_1/demo01_ws/sol2/sol2_work/hls/.autopilot/db/global.setting.tcl 
Execute       source /home/Data/Design/hls/02_hls_seminar_demos_v24_1/demo01_ws/sol2/sol2_work/hls/.autopilot/db/fir.compgen.tcl 
INFO: [HLS 200-111] Finished Generating all RTL models: CPU user time: 0.2 seconds. CPU system time: 0.02 seconds. Elapsed time: 0.22 seconds; current allocated memory: 320.805 MB.
INFO-FLOW: DBG:PROC: ::HLSREPORTS::create_csynth_xml bind_info_var='bind_info' RtlSubPrefix='fir_' outfile=''
INFO-FLOW: Running: create_csynth_xml read xml data
INFO-FLOW: Done: create_csynth_xml read xml data time: 0 seconds per iteration
INFO-FLOW: Running: create_csynth_xml bind info
INFO-FLOW: Done: create_csynth_xml bind info time: 0 seconds per iteration
INFO-FLOW: Running: create_csynth_xml config info
INFO-FLOW: Done: create_csynth_xml config info time: 0.1 seconds per iteration
INFO-FLOW: Running: create_csynth_xml write xml
INFO-FLOW: Done: create_csynth_xml write xml time: 0 seconds per iteration
INFO-FLOW: DBG:PUTS:      create_csynth_xml wrote csynth_xml=/home/Data/Design/hls/02_hls_seminar_demos_v24_1/demo01_ws/sol2/sol2_work/hls/syn/report/csynth.xml
INFO-FLOW: DBG:PROC: ::AP::DESIGN_DATA::generate_json generate_bd_files='0' generate_xo_files='0' modelList='fir_mul_32s_32s_32_1_1
fir_shift_reg_RAM_AUTO_1R1W
fir
' rtl_lang='both' bootstrap_tcl='false' outdir='' outfilename=''
Execute       source /home/Data/Design/hls/02_hls_seminar_demos_v24_1/demo01_ws/sol2/sol2_work/hls/.autopilot/db/global.setting.tcl 
Execute       source /home/Data/Design/hls/02_hls_seminar_demos_v24_1/demo01_ws/sol2/sol2_work/hls/.autopilot/db/global.setting.tcl 
Execute       source /home/Data/Design/hls/02_hls_seminar_demos_v24_1/demo01_ws/sol2/sol2_work/hls/.autopilot/db/top-io-be.tcl 
Execute       source /home/Data/Design/hls/02_hls_seminar_demos_v24_1/demo01_ws/sol2/sol2_work/hls/.autopilot/db/fir.tbgen.tcl 
Execute       source /home/Data/Design/hls/02_hls_seminar_demos_v24_1/demo01_ws/sol2/sol2_work/hls/.autopilot/db/fir.rtl_wrap.cfg.tcl 
Execute       source /home/Data/Design/hls/02_hls_seminar_demos_v24_1/demo01_ws/sol2/sol2_work/hls/.autopilot/db/fir.compgen.dataonly.tcl 
Execute       source /home/Data/Design/hls/02_hls_seminar_demos_v24_1/demo01_ws/sol2/sol2_work/hls/.autopilot/db/fir.tbgen.tcl 
Execute       source /home/Data/Design/hls/02_hls_seminar_demos_v24_1/demo01_ws/sol2/sol2_work/hls/.autopilot/db/global.setting.tcl 
Execute       ap_part_info -name xc7a35t-cpg236-1 -data names -quiet 
Execute       ap_part_info -name xc7a35t-cpg236-1 -data info -quiet 
Execute       source /home/Data/Design/hls/02_hls_seminar_demos_v24_1/demo01_ws/sol2/sol2_work/hls/.autopilot/db/fir.constraint.tcl 
Execute       sc_get_clocks fir 
Execute       source /home/Data/Design/hls/02_hls_seminar_demos_v24_1/demo01_ws/sol2/sol2_work/hls/.autopilot/db/global.setting.tcl 
INFO-FLOW: DBG:PROC: ::HLSREPORTS::add_csynth_report_sections bind_info_dict='adapter_nodes {} cache_nodes {} report_dict {TOPINST fir MODULE2INSTS {fir fir} INST2MODULE {fir fir} INSTDATA {fir {DEPTH 1 CHILDREN {}}} MODULEDATA {fir {BINDINFO {{BINDTYPE op ID {} IMPL auto LATENCY 0 OPTYPE seteq PRAGMA {} RTLNAME icmp_ln12_fu_163_p2 SOURCE ../src/fir.c:12 VARIABLE icmp_ln12 LOOP Shift_Accum_Loop BUNDLEDNAME {} DSP 0 BRAM 0 URAM 0 STORAGESUBTYPE {} DISPNAME {bind_op seteq} VISIBLE false} {BINDTYPE op ID {} IMPL fabric LATENCY 0 OPTYPE add PRAGMA {} RTLNAME add_ln16_fu_169_p2 SOURCE ../src/fir.c:16 VARIABLE add_ln16 LOOP Shift_Accum_Loop BUNDLEDNAME {} DSP 0 BRAM 0 URAM 0 STORAGESUBTYPE {} DISPNAME {bind_op add} VISIBLE true} {BINDTYPE op ID {} IMPL auto LATENCY 0 OPTYPE mul PRAGMA {} RTLNAME mul_32s_32s_32_1_1_U1 SOURCE ../src/fir.c:19 VARIABLE mul_ln19 LOOP Shift_Accum_Loop BUNDLEDNAME {} DSP 3 BRAM 0 URAM 0 STORAGESUBTYPE {} DISPNAME {bind_op mul} VISIBLE true} {BINDTYPE op ID {} IMPL fabric LATENCY 0 OPTYPE add PRAGMA {} RTLNAME acc_1_fu_194_p2 SOURCE ../src/fir.c:19 VARIABLE acc_1 LOOP Shift_Accum_Loop BUNDLEDNAME {} DSP 0 BRAM 0 URAM 0 STORAGESUBTYPE {} DISPNAME {bind_op add} VISIBLE true} {BINDTYPE op ID {} IMPL fabric LATENCY 0 OPTYPE add PRAGMA {} RTLNAME add_ln11_fu_180_p2 SOURCE ../src/fir.c:11 VARIABLE add_ln11 LOOP Shift_Accum_Loop BUNDLEDNAME {} DSP 0 BRAM 0 URAM 0 STORAGESUBTYPE {} DISPNAME {bind_op add} VISIBLE true} {BINDTYPE storage ID {} IMPL auto LATENCY 1 OPTYPE ram_t2p PRAGMA {} RTLNAME shift_reg_U SOURCE {} VARIABLE shift_reg LOOP {} BUNDLEDNAME {} DSP 0 BRAM 0 URAM 0 STORAGESUBTYPE {} STORAGESIZE {32 11 1} STORAGEUSAGE ram_t2p DISPNAME {bind_storage ram_t2p} VISIBLE true}} AREA {DSP 3 BRAM 0 URAM 0}}}}'
INFO-FLOW: DBG:PUTS:      update_csynth_reports json2rpt_hw_sw_interfaces
INFO-FLOW: Running: gen_csynth_sec_pragma
INFO-FLOW: Done: gen_csynth_sec_pragma time: 0 seconds per iteration
INFO-FLOW: DBG:PUTS:      update_csynth_reports wrote xml
INFO-FLOW: DBG:PUTS:      update_csynth_reports appended to csynth rpt file
INFO: [HLS 200-111] Finished Updating report files: CPU user time: 0.16 seconds. CPU system time: 0.04 seconds. Elapsed time: 0.19 seconds; current allocated memory: 323.762 MB.
INFO: [VHDL 208-304] Generating VHDL RTL for fir.
INFO: [VLOG 209-307] Generating Verilog RTL for fir.
Execute       syn_report -model fir -printsummary 
INFO: [HLS 200-790] **** Loop Constraint Status: All loop constraints were satisfied.
INFO: [HLS 200-789] **** Estimated Fmax: 118.06 MHz
Command     autosyn done; 0.52 sec.
Command   csynth_design done; 8.5 sec.
Execute   close_project 
Execute     close_solution 
Execute       cleanup_all 
Execute       cleanup_all 
